{
  "stats": {
    "suites": 16,
    "tests": 84,
    "passes": 84,
    "pending": 0,
    "failures": 0,
    "start": "2025-10-21T01:50:52.863Z",
    "end": "2025-10-21T01:50:55.619Z",
    "duration": 2756,
    "testsRegistered": 84,
    "passPercent": 100,
    "pendingPercent": 0,
    "other": 0,
    "hasOther": false,
    "skipped": 0,
    "hasSkipped": false
  },
  "results": [
    {
      "uuid": "d0789579-b988-4d1c-921c-79cb97e0179b",
      "title": "",
      "fullFile": "",
      "file": "",
      "beforeHooks": [],
      "afterHooks": [],
      "tests": [],
      "suites": [
        {
          "uuid": "dc09fe88-cdb1-4963-b477-de134bfd9178",
          "title": "ReqRes API Automation – AUTH Tests (Hafiz Hamdani)",
          "fullFile": "W:\\BELAJAR QA\\Nodejs\\triangle-demo\\digitalskola\\Automation-API\\AUTH.js",
          "file": "\\AUTH.js",
          "beforeHooks": [],
          "afterHooks": [],
          "tests": [],
          "suites": [
            {
              "uuid": "0b5d49d9-c335-4bc1-a1cc-4100ab4fb751",
              "title": "POST /register - User Registration (Positive)",
              "fullFile": "W:\\BELAJAR QA\\Nodejs\\triangle-demo\\digitalskola\\Automation-API\\AUTH.js",
              "file": "\\AUTH.js",
              "beforeHooks": [
                {
                  "title": "\"before all\" hook in \"POST /register - User Registration (Positive)\"",
                  "fullTitle": "ReqRes API Automation – AUTH Tests (Hafiz Hamdani) POST /register - User Registration (Positive) \"before all\" hook in \"POST /register - User Registration (Positive)\"",
                  "timedOut": false,
                  "duration": 322,
                  "state": null,
                  "speed": null,
                  "pass": false,
                  "fail": false,
                  "pending": false,
                  "context": null,
                  "code": "const startTime = Date.now();\n    response = await axios.post(`${baseUrl}/register`, {\n    email: testData.validUser.email,\n    password: testData.validUser.registerPassword\n}, { headers });\n    responseTime = Date.now() - startTime;",
                  "err": {},
                  "uuid": "7df378ee-f612-4de1-8aee-b35a739d7c0e",
                  "parentUUID": "0b5d49d9-c335-4bc1-a1cc-4100ab4fb751",
                  "isHook": true,
                  "skipped": false
                }
              ],
              "afterHooks": [],
              "tests": [
                {
                  "title": "should return valid status code",
                  "fullTitle": "ReqRes API Automation – AUTH Tests (Hafiz Hamdani) POST /register - User Registration (Positive) should return valid status code",
                  "timedOut": false,
                  "duration": 1,
                  "state": "passed",
                  "speed": "fast",
                  "pass": true,
                  "fail": false,
                  "pending": false,
                  "context": null,
                  "code": "expect(response.status).to.be.oneOf([200, 201, 204]);",
                  "err": {},
                  "uuid": "e29e626d-01a8-4477-acde-d9e3e149e66b",
                  "parentUUID": "0b5d49d9-c335-4bc1-a1cc-4100ab4fb751",
                  "isHook": false,
                  "skipped": false
                },
                {
                  "title": "should respond within 2 seconds",
                  "fullTitle": "ReqRes API Automation – AUTH Tests (Hafiz Hamdani) POST /register - User Registration (Positive) should respond within 2 seconds",
                  "timedOut": false,
                  "duration": 0,
                  "state": "passed",
                  "speed": "fast",
                  "pass": true,
                  "fail": false,
                  "pending": false,
                  "context": null,
                  "code": "expect(responseTime).to.be.below(2000);",
                  "err": {},
                  "uuid": "48fe92d9-a001-4638-ab6d-67cd953130d9",
                  "parentUUID": "0b5d49d9-c335-4bc1-a1cc-4100ab4fb751",
                  "isHook": false,
                  "skipped": false
                },
                {
                  "title": "should return application/json content type",
                  "fullTitle": "ReqRes API Automation – AUTH Tests (Hafiz Hamdani) POST /register - User Registration (Positive) should return application/json content type",
                  "timedOut": false,
                  "duration": 0,
                  "state": "passed",
                  "speed": "fast",
                  "pass": true,
                  "fail": false,
                  "pending": false,
                  "context": null,
                  "code": "expect(response.headers['content-type']).to.include('application/json');",
                  "err": {},
                  "uuid": "2df8f40b-c924-446a-941f-263be170a927",
                  "parentUUID": "0b5d49d9-c335-4bc1-a1cc-4100ab4fb751",
                  "isHook": false,
                  "skipped": false
                },
                {
                  "title": "should return authentication token",
                  "fullTitle": "ReqRes API Automation – AUTH Tests (Hafiz Hamdani) POST /register - User Registration (Positive) should return authentication token",
                  "timedOut": false,
                  "duration": 0,
                  "state": "passed",
                  "speed": "fast",
                  "pass": true,
                  "fail": false,
                  "pending": false,
                  "context": null,
                  "code": "expect(response.data).to.have.property(\"token\");",
                  "err": {},
                  "uuid": "a1149beb-cf7b-4925-ac70-0c9c612e65e4",
                  "parentUUID": "0b5d49d9-c335-4bc1-a1cc-4100ab4fb751",
                  "isHook": false,
                  "skipped": false
                },
                {
                  "title": "should have non-empty token string",
                  "fullTitle": "ReqRes API Automation – AUTH Tests (Hafiz Hamdani) POST /register - User Registration (Positive) should have non-empty token string",
                  "timedOut": false,
                  "duration": 0,
                  "state": "passed",
                  "speed": "fast",
                  "pass": true,
                  "fail": false,
                  "pending": false,
                  "context": null,
                  "code": "expect(response.data.token).to.be.a(\"string\").that.is.not.empty;",
                  "err": {},
                  "uuid": "ecc4e559-3a07-44c0-9653-61a1e057ef4e",
                  "parentUUID": "0b5d49d9-c335-4bc1-a1cc-4100ab4fb751",
                  "isHook": false,
                  "skipped": false
                },
                {
                  "title": "should match register response schema",
                  "fullTitle": "ReqRes API Automation – AUTH Tests (Hafiz Hamdani) POST /register - User Registration (Positive) should match register response schema",
                  "timedOut": false,
                  "duration": 1,
                  "state": "passed",
                  "speed": "fast",
                  "pass": true,
                  "fail": false,
                  "pending": false,
                  "context": null,
                  "code": "expect(response.data).to.be.jsonSchema(schemas.register);",
                  "err": {},
                  "uuid": "f060a5a3-c786-49a9-837d-390ca14b719f",
                  "parentUUID": "0b5d49d9-c335-4bc1-a1cc-4100ab4fb751",
                  "isHook": false,
                  "skipped": false
                }
              ],
              "suites": [],
              "passes": [
                "e29e626d-01a8-4477-acde-d9e3e149e66b",
                "48fe92d9-a001-4638-ab6d-67cd953130d9",
                "2df8f40b-c924-446a-941f-263be170a927",
                "a1149beb-cf7b-4925-ac70-0c9c612e65e4",
                "ecc4e559-3a07-44c0-9653-61a1e057ef4e",
                "f060a5a3-c786-49a9-837d-390ca14b719f"
              ],
              "failures": [],
              "pending": [],
              "skipped": [],
              "duration": 2,
              "root": false,
              "rootEmpty": false,
              "_timeout": 2000
            },
            {
              "uuid": "6ee50d5c-beeb-400b-9ad5-e6d032267fe9",
              "title": "POST /login - User Login (Positive)",
              "fullFile": "W:\\BELAJAR QA\\Nodejs\\triangle-demo\\digitalskola\\Automation-API\\AUTH.js",
              "file": "\\AUTH.js",
              "beforeHooks": [
                {
                  "title": "\"before all\" hook in \"POST /login - User Login (Positive)\"",
                  "fullTitle": "ReqRes API Automation – AUTH Tests (Hafiz Hamdani) POST /login - User Login (Positive) \"before all\" hook in \"POST /login - User Login (Positive)\"",
                  "timedOut": false,
                  "duration": 219,
                  "state": null,
                  "speed": null,
                  "pass": false,
                  "fail": false,
                  "pending": false,
                  "context": null,
                  "code": "const startTime = Date.now();\n    response = await axios.post(`${baseUrl}/login`, {\n    email: testData.validUser.email,\n    password: testData.validUser.loginPassword\n}, { headers });\n    responseTime = Date.now() - startTime;",
                  "err": {},
                  "uuid": "1044613f-dc94-45e9-9b9b-7cf11fa7b26f",
                  "parentUUID": "6ee50d5c-beeb-400b-9ad5-e6d032267fe9",
                  "isHook": true,
                  "skipped": false
                }
              ],
              "afterHooks": [],
              "tests": [
                {
                  "title": "should return valid status code",
                  "fullTitle": "ReqRes API Automation – AUTH Tests (Hafiz Hamdani) POST /login - User Login (Positive) should return valid status code",
                  "timedOut": false,
                  "duration": 0,
                  "state": "passed",
                  "speed": "fast",
                  "pass": true,
                  "fail": false,
                  "pending": false,
                  "context": null,
                  "code": "expect(response.status).to.be.oneOf([200, 201, 204]);",
                  "err": {},
                  "uuid": "7b7ff204-feec-4455-b595-89e1c64749ce",
                  "parentUUID": "6ee50d5c-beeb-400b-9ad5-e6d032267fe9",
                  "isHook": false,
                  "skipped": false
                },
                {
                  "title": "should respond within 2 seconds",
                  "fullTitle": "ReqRes API Automation – AUTH Tests (Hafiz Hamdani) POST /login - User Login (Positive) should respond within 2 seconds",
                  "timedOut": false,
                  "duration": 0,
                  "state": "passed",
                  "speed": "fast",
                  "pass": true,
                  "fail": false,
                  "pending": false,
                  "context": null,
                  "code": "expect(responseTime).to.be.below(2000);",
                  "err": {},
                  "uuid": "34931830-718c-40e0-823c-6c23321d170e",
                  "parentUUID": "6ee50d5c-beeb-400b-9ad5-e6d032267fe9",
                  "isHook": false,
                  "skipped": false
                },
                {
                  "title": "should return authentication token",
                  "fullTitle": "ReqRes API Automation – AUTH Tests (Hafiz Hamdani) POST /login - User Login (Positive) should return authentication token",
                  "timedOut": false,
                  "duration": 0,
                  "state": "passed",
                  "speed": "fast",
                  "pass": true,
                  "fail": false,
                  "pending": false,
                  "context": null,
                  "code": "expect(response.data).to.have.property(\"token\");",
                  "err": {},
                  "uuid": "01dc0fe4-db51-4183-9bf2-ba5433baee92",
                  "parentUUID": "6ee50d5c-beeb-400b-9ad5-e6d032267fe9",
                  "isHook": false,
                  "skipped": false
                },
                {
                  "title": "should have non-empty token string",
                  "fullTitle": "ReqRes API Automation – AUTH Tests (Hafiz Hamdani) POST /login - User Login (Positive) should have non-empty token string",
                  "timedOut": false,
                  "duration": 0,
                  "state": "passed",
                  "speed": "fast",
                  "pass": true,
                  "fail": false,
                  "pending": false,
                  "context": null,
                  "code": "expect(response.data.token).to.be.a(\"string\").and.not.empty;",
                  "err": {},
                  "uuid": "1a27436d-76a9-468a-ac28-bb9809ce9d5f",
                  "parentUUID": "6ee50d5c-beeb-400b-9ad5-e6d032267fe9",
                  "isHook": false,
                  "skipped": false
                },
                {
                  "title": "should match login response schema",
                  "fullTitle": "ReqRes API Automation – AUTH Tests (Hafiz Hamdani) POST /login - User Login (Positive) should match login response schema",
                  "timedOut": false,
                  "duration": 0,
                  "state": "passed",
                  "speed": "fast",
                  "pass": true,
                  "fail": false,
                  "pending": false,
                  "context": null,
                  "code": "expect(response.data).to.be.jsonSchema(schemas.login);",
                  "err": {},
                  "uuid": "71011733-f1fd-4e5d-8e6c-ae5db884f981",
                  "parentUUID": "6ee50d5c-beeb-400b-9ad5-e6d032267fe9",
                  "isHook": false,
                  "skipped": false
                }
              ],
              "suites": [],
              "passes": [
                "7b7ff204-feec-4455-b595-89e1c64749ce",
                "34931830-718c-40e0-823c-6c23321d170e",
                "01dc0fe4-db51-4183-9bf2-ba5433baee92",
                "1a27436d-76a9-468a-ac28-bb9809ce9d5f",
                "71011733-f1fd-4e5d-8e6c-ae5db884f981"
              ],
              "failures": [],
              "pending": [],
              "skipped": [],
              "duration": 0,
              "root": false,
              "rootEmpty": false,
              "_timeout": 2000
            },
            {
              "uuid": "1c778d81-25b9-42f3-ab30-149a262ed7aa",
              "title": "POST /register - Missing Password (Negative)",
              "fullFile": "W:\\BELAJAR QA\\Nodejs\\triangle-demo\\digitalskola\\Automation-API\\AUTH.js",
              "file": "\\AUTH.js",
              "beforeHooks": [
                {
                  "title": "\"before all\" hook in \"POST /register - Missing Password (Negative)\"",
                  "fullTitle": "ReqRes API Automation – AUTH Tests (Hafiz Hamdani) POST /register - Missing Password (Negative) \"before all\" hook in \"POST /register - Missing Password (Negative)\"",
                  "timedOut": false,
                  "duration": 209,
                  "state": null,
                  "speed": null,
                  "pass": false,
                  "fail": false,
                  "pending": false,
                  "context": null,
                  "code": "const startTime = Date.now();\n    response = await axios.post(`${baseUrl}/register`, {\n    email: testData.invalidUser.emailOnly\n}, { \n    headers,\n    validateStatus: () => true\n});\n    responseTime = Date.now() - startTime;",
                  "err": {},
                  "uuid": "d3986cbd-0ee1-44e5-831f-3bedd957fd8b",
                  "parentUUID": "1c778d81-25b9-42f3-ab30-149a262ed7aa",
                  "isHook": true,
                  "skipped": false
                }
              ],
              "afterHooks": [],
              "tests": [
                {
                  "title": "should return 400 Bad Request",
                  "fullTitle": "ReqRes API Automation – AUTH Tests (Hafiz Hamdani) POST /register - Missing Password (Negative) should return 400 Bad Request",
                  "timedOut": false,
                  "duration": 1,
                  "state": "passed",
                  "speed": "fast",
                  "pass": true,
                  "fail": false,
                  "pending": false,
                  "context": null,
                  "code": "expect(response.status).to.equal(400);",
                  "err": {},
                  "uuid": "4d9615d6-7a01-45d3-b498-090f7fcd2ae6",
                  "parentUUID": "1c778d81-25b9-42f3-ab30-149a262ed7aa",
                  "isHook": false,
                  "skipped": false
                },
                {
                  "title": "should respond within 2 seconds",
                  "fullTitle": "ReqRes API Automation – AUTH Tests (Hafiz Hamdani) POST /register - Missing Password (Negative) should respond within 2 seconds",
                  "timedOut": false,
                  "duration": 0,
                  "state": "passed",
                  "speed": "fast",
                  "pass": true,
                  "fail": false,
                  "pending": false,
                  "context": null,
                  "code": "expect(responseTime).to.be.below(2000);",
                  "err": {},
                  "uuid": "21ccf420-731b-4f30-bcd4-1e9ae1345b72",
                  "parentUUID": "1c778d81-25b9-42f3-ab30-149a262ed7aa",
                  "isHook": false,
                  "skipped": false
                },
                {
                  "title": "should return application/json content type",
                  "fullTitle": "ReqRes API Automation – AUTH Tests (Hafiz Hamdani) POST /register - Missing Password (Negative) should return application/json content type",
                  "timedOut": false,
                  "duration": 0,
                  "state": "passed",
                  "speed": "fast",
                  "pass": true,
                  "fail": false,
                  "pending": false,
                  "context": null,
                  "code": "expect(response.headers['content-type']).to.include('application/json');",
                  "err": {},
                  "uuid": "63cd648e-c751-42af-8244-188bcd8470f0",
                  "parentUUID": "1c778d81-25b9-42f3-ab30-149a262ed7aa",
                  "isHook": false,
                  "skipped": false
                },
                {
                  "title": "should contain error message",
                  "fullTitle": "ReqRes API Automation – AUTH Tests (Hafiz Hamdani) POST /register - Missing Password (Negative) should contain error message",
                  "timedOut": false,
                  "duration": 1,
                  "state": "passed",
                  "speed": "fast",
                  "pass": true,
                  "fail": false,
                  "pending": false,
                  "context": null,
                  "code": "expect(response.data).to.have.property('error');\nexpect(response.data.error).to.be.a(\"string\").that.is.not.empty;",
                  "err": {},
                  "uuid": "f8651719-a757-4e3b-991a-5f80f85f886f",
                  "parentUUID": "1c778d81-25b9-42f3-ab30-149a262ed7aa",
                  "isHook": false,
                  "skipped": false
                },
                {
                  "title": "should match error response schema",
                  "fullTitle": "ReqRes API Automation – AUTH Tests (Hafiz Hamdani) POST /register - Missing Password (Negative) should match error response schema",
                  "timedOut": false,
                  "duration": 0,
                  "state": "passed",
                  "speed": "fast",
                  "pass": true,
                  "fail": false,
                  "pending": false,
                  "context": null,
                  "code": "expect(response.data).to.be.jsonSchema(schemas.error);",
                  "err": {},
                  "uuid": "69143d5d-9843-4eb2-a642-416bfd3760e6",
                  "parentUUID": "1c778d81-25b9-42f3-ab30-149a262ed7aa",
                  "isHook": false,
                  "skipped": false
                }
              ],
              "suites": [],
              "passes": [
                "4d9615d6-7a01-45d3-b498-090f7fcd2ae6",
                "21ccf420-731b-4f30-bcd4-1e9ae1345b72",
                "63cd648e-c751-42af-8244-188bcd8470f0",
                "f8651719-a757-4e3b-991a-5f80f85f886f",
                "69143d5d-9843-4eb2-a642-416bfd3760e6"
              ],
              "failures": [],
              "pending": [],
              "skipped": [],
              "duration": 2,
              "root": false,
              "rootEmpty": false,
              "_timeout": 2000
            },
            {
              "uuid": "3c4f56fa-804c-426f-9461-8246d977a86f",
              "title": "POST /login - Missing Password (Negative)",
              "fullFile": "W:\\BELAJAR QA\\Nodejs\\triangle-demo\\digitalskola\\Automation-API\\AUTH.js",
              "file": "\\AUTH.js",
              "beforeHooks": [
                {
                  "title": "\"before all\" hook in \"POST /login - Missing Password (Negative)\"",
                  "fullTitle": "ReqRes API Automation – AUTH Tests (Hafiz Hamdani) POST /login - Missing Password (Negative) \"before all\" hook in \"POST /login - Missing Password (Negative)\"",
                  "timedOut": false,
                  "duration": 205,
                  "state": null,
                  "speed": null,
                  "pass": false,
                  "fail": false,
                  "pending": false,
                  "context": null,
                  "code": "const startTime = Date.now();\nresponse = await axios.post(`${baseUrl}/login`, {\nemail: testData.invalidUser.invalidCredentials.email\n    }, { \nheaders,\nvalidateStatus: () => true\n    });\nresponseTime = Date.now() - startTime;",
                  "err": {},
                  "uuid": "8c4f2830-2309-4903-958c-7fa3664dede5",
                  "parentUUID": "3c4f56fa-804c-426f-9461-8246d977a86f",
                  "isHook": true,
                  "skipped": false
                }
              ],
              "afterHooks": [],
              "tests": [
                {
                  "title": "should return 400 Bad Request",
                  "fullTitle": "ReqRes API Automation – AUTH Tests (Hafiz Hamdani) POST /login - Missing Password (Negative) should return 400 Bad Request",
                  "timedOut": false,
                  "duration": 0,
                  "state": "passed",
                  "speed": "fast",
                  "pass": true,
                  "fail": false,
                  "pending": false,
                  "context": null,
                  "code": "expect(response.status).to.equal(400);",
                  "err": {},
                  "uuid": "f0ecf9d6-fecb-422a-92f3-711cdf6031c2",
                  "parentUUID": "3c4f56fa-804c-426f-9461-8246d977a86f",
                  "isHook": false,
                  "skipped": false
                },
                {
                  "title": "should respond within 2 seconds",
                  "fullTitle": "ReqRes API Automation – AUTH Tests (Hafiz Hamdani) POST /login - Missing Password (Negative) should respond within 2 seconds",
                  "timedOut": false,
                  "duration": 0,
                  "state": "passed",
                  "speed": "fast",
                  "pass": true,
                  "fail": false,
                  "pending": false,
                  "context": null,
                  "code": "expect(responseTime).to.be.below(2000);",
                  "err": {},
                  "uuid": "ccadf340-3779-43af-ab44-506a367bb4ca",
                  "parentUUID": "3c4f56fa-804c-426f-9461-8246d977a86f",
                  "isHook": false,
                  "skipped": false
                },
                {
                  "title": "should return application/json content type",
                  "fullTitle": "ReqRes API Automation – AUTH Tests (Hafiz Hamdani) POST /login - Missing Password (Negative) should return application/json content type",
                  "timedOut": false,
                  "duration": 0,
                  "state": "passed",
                  "speed": "fast",
                  "pass": true,
                  "fail": false,
                  "pending": false,
                  "context": null,
                  "code": "expect(response.headers['content-type']).to.include('application/json');",
                  "err": {},
                  "uuid": "e041d640-9331-45bf-a4dc-d2a12804af10",
                  "parentUUID": "3c4f56fa-804c-426f-9461-8246d977a86f",
                  "isHook": false,
                  "skipped": false
                },
                {
                  "title": "should contain error message",
                  "fullTitle": "ReqRes API Automation – AUTH Tests (Hafiz Hamdani) POST /login - Missing Password (Negative) should contain error message",
                  "timedOut": false,
                  "duration": 1,
                  "state": "passed",
                  "speed": "fast",
                  "pass": true,
                  "fail": false,
                  "pending": false,
                  "context": null,
                  "code": "expect(response.data).to.have.property('error');\nexpect(response.data.error).to.be.a(\"string\").and.not.empty;",
                  "err": {},
                  "uuid": "eaec5a91-6192-4a51-94de-43189e0297a6",
                  "parentUUID": "3c4f56fa-804c-426f-9461-8246d977a86f",
                  "isHook": false,
                  "skipped": false
                },
                {
                  "title": "should match error response schema",
                  "fullTitle": "ReqRes API Automation – AUTH Tests (Hafiz Hamdani) POST /login - Missing Password (Negative) should match error response schema",
                  "timedOut": false,
                  "duration": 0,
                  "state": "passed",
                  "speed": "fast",
                  "pass": true,
                  "fail": false,
                  "pending": false,
                  "context": null,
                  "code": "expect(response.data).to.be.jsonSchema(schemas.error);",
                  "err": {},
                  "uuid": "1934cf30-ac37-44f3-8579-72d82d67b1a6",
                  "parentUUID": "3c4f56fa-804c-426f-9461-8246d977a86f",
                  "isHook": false,
                  "skipped": false
                }
              ],
              "suites": [],
              "passes": [
                "f0ecf9d6-fecb-422a-92f3-711cdf6031c2",
                "ccadf340-3779-43af-ab44-506a367bb4ca",
                "e041d640-9331-45bf-a4dc-d2a12804af10",
                "eaec5a91-6192-4a51-94de-43189e0297a6",
                "1934cf30-ac37-44f3-8579-72d82d67b1a6"
              ],
              "failures": [],
              "pending": [],
              "skipped": [],
              "duration": 1,
              "root": false,
              "rootEmpty": false,
              "_timeout": 2000
            },
            {
              "uuid": "ced872e7-a209-418a-b5ac-e85b3d7b4b4d",
              "title": "POST /register - Missing Email (Negative)",
              "fullFile": "W:\\BELAJAR QA\\Nodejs\\triangle-demo\\digitalskola\\Automation-API\\AUTH.js",
              "file": "\\AUTH.js",
              "beforeHooks": [
                {
                  "title": "\"before all\" hook in \"POST /register - Missing Email (Negative)\"",
                  "fullTitle": "ReqRes API Automation – AUTH Tests (Hafiz Hamdani) POST /register - Missing Email (Negative) \"before all\" hook in \"POST /register - Missing Email (Negative)\"",
                  "timedOut": false,
                  "duration": 206,
                  "state": null,
                  "speed": null,
                  "pass": false,
                  "fail": false,
                  "pending": false,
                  "context": null,
                  "code": "const startTime = Date.now();\n    response = await axios.post(`${baseUrl}/register`, {\n    password: testData.validUser.registerPassword\n}, { \n    headers,\n    validateStatus: () => true\n});\n    responseTime = Date.now() - startTime;",
                  "err": {},
                  "uuid": "6e0b5577-480c-4786-87ed-b6a784bcaed1",
                  "parentUUID": "ced872e7-a209-418a-b5ac-e85b3d7b4b4d",
                  "isHook": true,
                  "skipped": false
                }
              ],
              "afterHooks": [],
              "tests": [
                {
                  "title": "should return 400 Bad Request",
                  "fullTitle": "ReqRes API Automation – AUTH Tests (Hafiz Hamdani) POST /register - Missing Email (Negative) should return 400 Bad Request",
                  "timedOut": false,
                  "duration": 0,
                  "state": "passed",
                  "speed": "fast",
                  "pass": true,
                  "fail": false,
                  "pending": false,
                  "context": null,
                  "code": "expect(response.status).to.equal(400);",
                  "err": {},
                  "uuid": "cab3ecc2-c25a-4636-be97-4acedacc4451",
                  "parentUUID": "ced872e7-a209-418a-b5ac-e85b3d7b4b4d",
                  "isHook": false,
                  "skipped": false
                },
                {
                  "title": "should respond within 2 seconds",
                  "fullTitle": "ReqRes API Automation – AUTH Tests (Hafiz Hamdani) POST /register - Missing Email (Negative) should respond within 2 seconds",
                  "timedOut": false,
                  "duration": 0,
                  "state": "passed",
                  "speed": "fast",
                  "pass": true,
                  "fail": false,
                  "pending": false,
                  "context": null,
                  "code": "expect(responseTime).to.be.below(2000);",
                  "err": {},
                  "uuid": "d59c6ef4-1963-4751-9f64-c8a49f64196a",
                  "parentUUID": "ced872e7-a209-418a-b5ac-e85b3d7b4b4d",
                  "isHook": false,
                  "skipped": false
                },
                {
                  "title": "should contain error property",
                  "fullTitle": "ReqRes API Automation – AUTH Tests (Hafiz Hamdani) POST /register - Missing Email (Negative) should contain error property",
                  "timedOut": false,
                  "duration": 0,
                  "state": "passed",
                  "speed": "fast",
                  "pass": true,
                  "fail": false,
                  "pending": false,
                  "context": null,
                  "code": "expect(response.data).to.have.property('error');",
                  "err": {},
                  "uuid": "bed4c4da-dc86-420d-8fe3-06780c34dc93",
                  "parentUUID": "ced872e7-a209-418a-b5ac-e85b3d7b4b4d",
                  "isHook": false,
                  "skipped": false
                },
                {
                  "title": "should have non-empty error message",
                  "fullTitle": "ReqRes API Automation – AUTH Tests (Hafiz Hamdani) POST /register - Missing Email (Negative) should have non-empty error message",
                  "timedOut": false,
                  "duration": 0,
                  "state": "passed",
                  "speed": "fast",
                  "pass": true,
                  "fail": false,
                  "pending": false,
                  "context": null,
                  "code": "expect(response.data.error).to.be.a(\"string\").that.is.not.empty;",
                  "err": {},
                  "uuid": "c8fa02e7-eb17-43bb-bace-4bb44ddb6836",
                  "parentUUID": "ced872e7-a209-418a-b5ac-e85b3d7b4b4d",
                  "isHook": false,
                  "skipped": false
                }
              ],
              "suites": [],
              "passes": [
                "cab3ecc2-c25a-4636-be97-4acedacc4451",
                "d59c6ef4-1963-4751-9f64-c8a49f64196a",
                "bed4c4da-dc86-420d-8fe3-06780c34dc93",
                "c8fa02e7-eb17-43bb-bace-4bb44ddb6836"
              ],
              "failures": [],
              "pending": [],
              "skipped": [],
              "duration": 0,
              "root": false,
              "rootEmpty": false,
              "_timeout": 2000
            },
            {
              "uuid": "68f4da0a-67bb-4e39-baf6-4eda7af039e9",
              "title": "POST /login - Invalid Credentials (Negative)",
              "fullFile": "W:\\BELAJAR QA\\Nodejs\\triangle-demo\\digitalskola\\Automation-API\\AUTH.js",
              "file": "\\AUTH.js",
              "beforeHooks": [
                {
                  "title": "\"before all\" hook in \"POST /login - Invalid Credentials (Negative)\"",
                  "fullTitle": "ReqRes API Automation – AUTH Tests (Hafiz Hamdani) POST /login - Invalid Credentials (Negative) \"before all\" hook in \"POST /login - Invalid Credentials (Negative)\"",
                  "timedOut": false,
                  "duration": 217,
                  "state": null,
                  "speed": null,
                  "pass": false,
                  "fail": false,
                  "pending": false,
                  "context": null,
                  "code": "const startTime = Date.now();\n    response = await axios.post(`${baseUrl}/login`, {\n    email: testData.invalidUser.invalidCredentials.email,\n    password: testData.invalidUser.invalidCredentials.password\n}, { \n    headers,\n    validateStatus: () => true\n});\n    responseTime = Date.now() - startTime;",
                  "err": {},
                  "uuid": "02d04cca-cd32-485d-931d-93a0b670bc3b",
                  "parentUUID": "68f4da0a-67bb-4e39-baf6-4eda7af039e9",
                  "isHook": true,
                  "skipped": false
                }
              ],
              "afterHooks": [],
              "tests": [
                {
                  "title": "should return 400 Bad Request",
                  "fullTitle": "ReqRes API Automation – AUTH Tests (Hafiz Hamdani) POST /login - Invalid Credentials (Negative) should return 400 Bad Request",
                  "timedOut": false,
                  "duration": 0,
                  "state": "passed",
                  "speed": "fast",
                  "pass": true,
                  "fail": false,
                  "pending": false,
                  "context": null,
                  "code": "expect(response.status).to.equal(400);",
                  "err": {},
                  "uuid": "6528abff-6582-4302-8bd3-864909f91620",
                  "parentUUID": "68f4da0a-67bb-4e39-baf6-4eda7af039e9",
                  "isHook": false,
                  "skipped": false
                },
                {
                  "title": "should respond within 2 seconds",
                  "fullTitle": "ReqRes API Automation – AUTH Tests (Hafiz Hamdani) POST /login - Invalid Credentials (Negative) should respond within 2 seconds",
                  "timedOut": false,
                  "duration": 0,
                  "state": "passed",
                  "speed": "fast",
                  "pass": true,
                  "fail": false,
                  "pending": false,
                  "context": null,
                  "code": "expect(responseTime).to.be.below(2000);",
                  "err": {},
                  "uuid": "7f4e32c0-0bca-46cb-8e44-12e30719f986",
                  "parentUUID": "68f4da0a-67bb-4e39-baf6-4eda7af039e9",
                  "isHook": false,
                  "skipped": false
                },
                {
                  "title": "should contain error property",
                  "fullTitle": "ReqRes API Automation – AUTH Tests (Hafiz Hamdani) POST /login - Invalid Credentials (Negative) should contain error property",
                  "timedOut": false,
                  "duration": 0,
                  "state": "passed",
                  "speed": "fast",
                  "pass": true,
                  "fail": false,
                  "pending": false,
                  "context": null,
                  "code": "expect(response.data).to.have.property('error');",
                  "err": {},
                  "uuid": "44ad47ec-036c-4ad9-95ea-10be7d484d98",
                  "parentUUID": "68f4da0a-67bb-4e39-baf6-4eda7af039e9",
                  "isHook": false,
                  "skipped": false
                },
                {
                  "title": "should have non-empty error message",
                  "fullTitle": "ReqRes API Automation – AUTH Tests (Hafiz Hamdani) POST /login - Invalid Credentials (Negative) should have non-empty error message",
                  "timedOut": false,
                  "duration": 1,
                  "state": "passed",
                  "speed": "fast",
                  "pass": true,
                  "fail": false,
                  "pending": false,
                  "context": null,
                  "code": "expect(response.data.error).to.be.a(\"string\").that.is.not.empty;",
                  "err": {},
                  "uuid": "2b2e73c1-0334-4931-8c5e-be4c09624bb5",
                  "parentUUID": "68f4da0a-67bb-4e39-baf6-4eda7af039e9",
                  "isHook": false,
                  "skipped": false
                }
              ],
              "suites": [],
              "passes": [
                "6528abff-6582-4302-8bd3-864909f91620",
                "7f4e32c0-0bca-46cb-8e44-12e30719f986",
                "44ad47ec-036c-4ad9-95ea-10be7d484d98",
                "2b2e73c1-0334-4931-8c5e-be4c09624bb5"
              ],
              "failures": [],
              "pending": [],
              "skipped": [],
              "duration": 1,
              "root": false,
              "rootEmpty": false,
              "_timeout": 2000
            },
            {
              "uuid": "92820e19-e8ec-4eee-bba9-1a87859b8c57",
              "title": "POST /logout - User Logout",
              "fullFile": "W:\\BELAJAR QA\\Nodejs\\triangle-demo\\digitalskola\\Automation-API\\AUTH.js",
              "file": "\\AUTH.js",
              "beforeHooks": [
                {
                  "title": "\"before all\" hook in \"POST /logout - User Logout\"",
                  "fullTitle": "ReqRes API Automation – AUTH Tests (Hafiz Hamdani) POST /logout - User Logout \"before all\" hook in \"POST /logout - User Logout\"",
                  "timedOut": false,
                  "duration": 243,
                  "state": null,
                  "speed": null,
                  "pass": false,
                  "fail": false,
                  "pending": false,
                  "context": null,
                  "code": "authToken = \"test-token-123\"; \nconst startTime = Date.now();\nresponse = await axios.post(`${baseUrl}/logout`, {}, { \nheaders,\nvalidateStatus: () => true\n});\nresponseTime = Date.now() - startTime;\n\n    try {\njsonData = response.data;\n    } catch (e) {\nconsole.warn(\"Response is not valid JSON or empty\");\njsonData = {};\n    }\nauthToken = undefined;",
                  "err": {},
                  "uuid": "3a69fda4-09de-488a-b641-44acba93dd3f",
                  "parentUUID": "92820e19-e8ec-4eee-bba9-1a87859b8c57",
                  "isHook": true,
                  "skipped": false
                }
              ],
              "afterHooks": [],
              "tests": [
                {
                  "title": "should return 200 OK status",
                  "fullTitle": "ReqRes API Automation – AUTH Tests (Hafiz Hamdani) POST /logout - User Logout should return 200 OK status",
                  "timedOut": false,
                  "duration": 0,
                  "state": "passed",
                  "speed": "fast",
                  "pass": true,
                  "fail": false,
                  "pending": false,
                  "context": null,
                  "code": "expect(response.status).to.equal(200);",
                  "err": {},
                  "uuid": "692a964b-8f2e-4ec1-a7a7-1243318f1f5d",
                  "parentUUID": "92820e19-e8ec-4eee-bba9-1a87859b8c57",
                  "isHook": false,
                  "skipped": false
                },
                {
                  "title": "should respond within 2 seconds",
                  "fullTitle": "ReqRes API Automation – AUTH Tests (Hafiz Hamdani) POST /logout - User Logout should respond within 2 seconds",
                  "timedOut": false,
                  "duration": 0,
                  "state": "passed",
                  "speed": "fast",
                  "pass": true,
                  "fail": false,
                  "pending": false,
                  "context": null,
                  "code": "expect(responseTime).to.be.below(2000);",
                  "err": {},
                  "uuid": "1bdb2197-cb1b-417e-82c9-74f46c86f69e",
                  "parentUUID": "92820e19-e8ec-4eee-bba9-1a87859b8c57",
                  "isHook": false,
                  "skipped": false
                },
                {
                  "title": "should return application/json content type",
                  "fullTitle": "ReqRes API Automation – AUTH Tests (Hafiz Hamdani) POST /logout - User Logout should return application/json content type",
                  "timedOut": false,
                  "duration": 0,
                  "state": "passed",
                  "speed": "fast",
                  "pass": true,
                  "fail": false,
                  "pending": false,
                  "context": null,
                  "code": "expect(response.headers['content-type']).to.include('application/json');",
                  "err": {},
                  "uuid": "a6c0941e-1b76-4a2f-8d03-507b612a3f3e",
                  "parentUUID": "92820e19-e8ec-4eee-bba9-1a87859b8c57",
                  "isHook": false,
                  "skipped": false
                },
                {
                  "title": "should return object response",
                  "fullTitle": "ReqRes API Automation – AUTH Tests (Hafiz Hamdani) POST /logout - User Logout should return object response",
                  "timedOut": false,
                  "duration": 0,
                  "state": "passed",
                  "speed": "fast",
                  "pass": true,
                  "fail": false,
                  "pending": false,
                  "context": null,
                  "code": "expect(jsonData).to.be.an(\"object\");",
                  "err": {},
                  "uuid": "7d268ec4-eb01-4bc4-b6aa-bf561b8b44c9",
                  "parentUUID": "92820e19-e8ec-4eee-bba9-1a87859b8c57",
                  "isHook": false,
                  "skipped": false
                },
                {
                  "title": "should clear authentication token",
                  "fullTitle": "ReqRes API Automation – AUTH Tests (Hafiz Hamdani) POST /logout - User Logout should clear authentication token",
                  "timedOut": false,
                  "duration": 0,
                  "state": "passed",
                  "speed": "fast",
                  "pass": true,
                  "fail": false,
                  "pending": false,
                  "context": null,
                  "code": "expect(authToken).to.be.undefined;",
                  "err": {},
                  "uuid": "bd175d13-481c-42e2-89fc-c5efcd8d4e01",
                  "parentUUID": "92820e19-e8ec-4eee-bba9-1a87859b8c57",
                  "isHook": false,
                  "skipped": false
                }
              ],
              "suites": [],
              "passes": [
                "692a964b-8f2e-4ec1-a7a7-1243318f1f5d",
                "1bdb2197-cb1b-417e-82c9-74f46c86f69e",
                "a6c0941e-1b76-4a2f-8d03-507b612a3f3e",
                "7d268ec4-eb01-4bc4-b6aa-bf561b8b44c9",
                "bd175d13-481c-42e2-89fc-c5efcd8d4e01"
              ],
              "failures": [],
              "pending": [],
              "skipped": [],
              "duration": 0,
              "root": false,
              "rootEmpty": false,
              "_timeout": 2000
            }
          ],
          "passes": [],
          "failures": [],
          "pending": [],
          "skipped": [],
          "duration": 0,
          "root": false,
          "rootEmpty": false,
          "_timeout": 2000
        },
        {
          "uuid": "c970ba26-2902-48a7-b280-95fe5c0b520f",
          "title": "ReqRes API Automation – CRUD Tests (Hafiz Hamdani)",
          "fullFile": "W:\\BELAJAR QA\\Nodejs\\triangle-demo\\digitalskola\\Automation-API\\CRUD.js",
          "file": "\\CRUD.js",
          "beforeHooks": [],
          "afterHooks": [],
          "tests": [],
          "suites": [
            {
              "uuid": "e5d2b2c7-1004-4c25-b6a8-dc358c94f63c",
              "title": "GET /users - List Users",
              "fullFile": "W:\\BELAJAR QA\\Nodejs\\triangle-demo\\digitalskola\\Automation-API\\CRUD.js",
              "file": "\\CRUD.js",
              "beforeHooks": [
                {
                  "title": "\"before all\" hook in \"GET /users - List Users\"",
                  "fullTitle": "ReqRes API Automation – CRUD Tests (Hafiz Hamdani) GET /users - List Users \"before all\" hook in \"GET /users - List Users\"",
                  "timedOut": false,
                  "duration": 100,
                  "state": null,
                  "speed": null,
                  "pass": false,
                  "fail": false,
                  "pending": false,
                  "context": null,
                  "code": "const startTime = Date.now();\nresponse = await fetch(`${baseUrl}/users?page=${testData.pagination.page}`, { headers });\nresponseTime = Date.now() - startTime;\nbody = await response.json();",
                  "err": {},
                  "uuid": "770ed6e1-9f51-4ef1-8947-3d8261f7d10d",
                  "parentUUID": "e5d2b2c7-1004-4c25-b6a8-dc358c94f63c",
                  "isHook": true,
                  "skipped": false
                }
              ],
              "afterHooks": [],
              "tests": [
                {
                  "title": "should return valid status code",
                  "fullTitle": "ReqRes API Automation – CRUD Tests (Hafiz Hamdani) GET /users - List Users should return valid status code",
                  "timedOut": false,
                  "duration": 0,
                  "state": "passed",
                  "speed": "fast",
                  "pass": true,
                  "fail": false,
                  "pending": false,
                  "context": null,
                  "code": "expect(response.status).to.be.oneOf([200, 201, 204]);",
                  "err": {},
                  "uuid": "3d478136-6703-40ce-bfb8-15ff47a10f02",
                  "parentUUID": "e5d2b2c7-1004-4c25-b6a8-dc358c94f63c",
                  "isHook": false,
                  "skipped": false
                },
                {
                  "title": "should respond within 2 seconds",
                  "fullTitle": "ReqRes API Automation – CRUD Tests (Hafiz Hamdani) GET /users - List Users should respond within 2 seconds",
                  "timedOut": false,
                  "duration": 0,
                  "state": "passed",
                  "speed": "fast",
                  "pass": true,
                  "fail": false,
                  "pending": false,
                  "context": null,
                  "code": "expect(responseTime).to.be.below(2000);",
                  "err": {},
                  "uuid": "08a18ae8-96f0-4b76-8166-38c9fad6553a",
                  "parentUUID": "e5d2b2c7-1004-4c25-b6a8-dc358c94f63c",
                  "isHook": false,
                  "skipped": false
                },
                {
                  "title": "should return application/json content type",
                  "fullTitle": "ReqRes API Automation – CRUD Tests (Hafiz Hamdani) GET /users - List Users should return application/json content type",
                  "timedOut": false,
                  "duration": 1,
                  "state": "passed",
                  "speed": "fast",
                  "pass": true,
                  "fail": false,
                  "pending": false,
                  "context": null,
                  "code": "expect(response.headers.get('content-type')).to.include('application/json');",
                  "err": {},
                  "uuid": "43b0695d-6fdf-4c46-a0de-d0550f46c24f",
                  "parentUUID": "e5d2b2c7-1004-4c25-b6a8-dc358c94f63c",
                  "isHook": false,
                  "skipped": false
                },
                {
                  "title": "should match expected JSON schema",
                  "fullTitle": "ReqRes API Automation – CRUD Tests (Hafiz Hamdani) GET /users - List Users should match expected JSON schema",
                  "timedOut": false,
                  "duration": 1,
                  "state": "passed",
                  "speed": "fast",
                  "pass": true,
                  "fail": false,
                  "pending": false,
                  "context": null,
                  "code": "expect(body).to.be.jsonSchema(schemas.usersList);",
                  "err": {},
                  "uuid": "b42fca51-37c6-4d44-ad68-24b7c9540cca",
                  "parentUUID": "e5d2b2c7-1004-4c25-b6a8-dc358c94f63c",
                  "isHook": false,
                  "skipped": false
                },
                {
                  "title": "should return non-empty data array",
                  "fullTitle": "ReqRes API Automation – CRUD Tests (Hafiz Hamdani) GET /users - List Users should return non-empty data array",
                  "timedOut": false,
                  "duration": 0,
                  "state": "passed",
                  "speed": "fast",
                  "pass": true,
                  "fail": false,
                  "pending": false,
                  "context": null,
                  "code": "expect(body.data).to.be.an('array').that.is.not.empty;",
                  "err": {},
                  "uuid": "7b00a998-8fe2-488c-ab21-1ed0279f01e2",
                  "parentUUID": "e5d2b2c7-1004-4c25-b6a8-dc358c94f63c",
                  "isHook": false,
                  "skipped": false
                },
                {
                  "title": "should have valid email format for all users",
                  "fullTitle": "ReqRes API Automation – CRUD Tests (Hafiz Hamdani) GET /users - List Users should have valid email format for all users",
                  "timedOut": false,
                  "duration": 0,
                  "state": "passed",
                  "speed": "fast",
                  "pass": true,
                  "fail": false,
                  "pending": false,
                  "context": null,
                  "code": "body.data.forEach(user => {\n  expect(user.email).to.match(/^\\S+@\\S+\\.\\S+$/);\n});",
                  "err": {},
                  "uuid": "4dc13149-f4d0-446c-b5b9-ab8d319113bd",
                  "parentUUID": "e5d2b2c7-1004-4c25-b6a8-dc358c94f63c",
                  "isHook": false,
                  "skipped": false
                },
                {
                  "title": "should contain all required fields for each user",
                  "fullTitle": "ReqRes API Automation – CRUD Tests (Hafiz Hamdani) GET /users - List Users should contain all required fields for each user",
                  "timedOut": false,
                  "duration": 1,
                  "state": "passed",
                  "speed": "fast",
                  "pass": true,
                  "fail": false,
                  "pending": false,
                  "context": null,
                  "code": "body.data.forEach(user => {\n  expect(user).to.have.all.keys(\"id\", \"email\", \"first_name\", \"last_name\", \"avatar\");\n});",
                  "err": {},
                  "uuid": "9a1cfb5f-5605-4e99-bc6b-2aa6f1c693e8",
                  "parentUUID": "e5d2b2c7-1004-4c25-b6a8-dc358c94f63c",
                  "isHook": false,
                  "skipped": false
                },
                {
                  "title": "should have valid pagination metadata",
                  "fullTitle": "ReqRes API Automation – CRUD Tests (Hafiz Hamdani) GET /users - List Users should have valid pagination metadata",
                  "timedOut": false,
                  "duration": 1,
                  "state": "passed",
                  "speed": "fast",
                  "pass": true,
                  "fail": false,
                  "pending": false,
                  "context": null,
                  "code": "expect(body.page).to.be.a(\"number\");\nexpect(body.per_page).to.be.a(\"number\");\nexpect(body.total).to.be.a(\"number\");\nexpect(body.total_pages).to.be.at.least(1);",
                  "err": {},
                  "uuid": "a0ed2f54-4dbe-4d3d-bf73-196f0ef145fd",
                  "parentUUID": "e5d2b2c7-1004-4c25-b6a8-dc358c94f63c",
                  "isHook": false,
                  "skipped": false
                },
                {
                  "title": "should include support information",
                  "fullTitle": "ReqRes API Automation – CRUD Tests (Hafiz Hamdani) GET /users - List Users should include support information",
                  "timedOut": false,
                  "duration": 0,
                  "state": "passed",
                  "speed": "fast",
                  "pass": true,
                  "fail": false,
                  "pending": false,
                  "context": null,
                  "code": "expect(body.support).to.be.an(\"object\");\nexpect(body.support.url).to.be.a(\"string\").that.is.not.empty;\nexpect(body.support.text).to.be.a(\"string\").that.is.not.empty;",
                  "err": {},
                  "uuid": "2c447331-1dd1-490d-a79c-9f631a715901",
                  "parentUUID": "e5d2b2c7-1004-4c25-b6a8-dc358c94f63c",
                  "isHook": false,
                  "skipped": false
                }
              ],
              "suites": [],
              "passes": [
                "3d478136-6703-40ce-bfb8-15ff47a10f02",
                "08a18ae8-96f0-4b76-8166-38c9fad6553a",
                "43b0695d-6fdf-4c46-a0de-d0550f46c24f",
                "b42fca51-37c6-4d44-ad68-24b7c9540cca",
                "7b00a998-8fe2-488c-ab21-1ed0279f01e2",
                "4dc13149-f4d0-446c-b5b9-ab8d319113bd",
                "9a1cfb5f-5605-4e99-bc6b-2aa6f1c693e8",
                "a0ed2f54-4dbe-4d3d-bf73-196f0ef145fd",
                "2c447331-1dd1-490d-a79c-9f631a715901"
              ],
              "failures": [],
              "pending": [],
              "skipped": [],
              "duration": 4,
              "root": false,
              "rootEmpty": false,
              "_timeout": 2000
            },
            {
              "uuid": "300d086c-881b-451c-8a28-860b694620ce",
              "title": "GET /users/:id - Get Single User",
              "fullFile": "W:\\BELAJAR QA\\Nodejs\\triangle-demo\\digitalskola\\Automation-API\\CRUD.js",
              "file": "\\CRUD.js",
              "beforeHooks": [
                {
                  "title": "\"before all\" hook in \"GET /users/:id - Get Single User\"",
                  "fullTitle": "ReqRes API Automation – CRUD Tests (Hafiz Hamdani) GET /users/:id - Get Single User \"before all\" hook in \"GET /users/:id - Get Single User\"",
                  "timedOut": false,
                  "duration": 33,
                  "state": null,
                  "speed": null,
                  "pass": false,
                  "fail": false,
                  "pending": false,
                  "context": null,
                  "code": "const startTime = Date.now();\nresponse = await fetch(`${baseUrl}/users/${testData.validUser.id}`, { headers });\nresponseTime = Date.now() - startTime;\nbody = await response.json();",
                  "err": {},
                  "uuid": "cd277332-d45d-42b7-811f-1a509707de15",
                  "parentUUID": "300d086c-881b-451c-8a28-860b694620ce",
                  "isHook": true,
                  "skipped": false
                }
              ],
              "afterHooks": [],
              "tests": [
                {
                  "title": "should return valid status code",
                  "fullTitle": "ReqRes API Automation – CRUD Tests (Hafiz Hamdani) GET /users/:id - Get Single User should return valid status code",
                  "timedOut": false,
                  "duration": 0,
                  "state": "passed",
                  "speed": "fast",
                  "pass": true,
                  "fail": false,
                  "pending": false,
                  "context": null,
                  "code": "expect(response.status).to.be.oneOf([200, 201, 204]);",
                  "err": {},
                  "uuid": "1728248e-0705-4732-bfb3-937468fde26d",
                  "parentUUID": "300d086c-881b-451c-8a28-860b694620ce",
                  "isHook": false,
                  "skipped": false
                },
                {
                  "title": "should respond within 2 seconds",
                  "fullTitle": "ReqRes API Automation – CRUD Tests (Hafiz Hamdani) GET /users/:id - Get Single User should respond within 2 seconds",
                  "timedOut": false,
                  "duration": 0,
                  "state": "passed",
                  "speed": "fast",
                  "pass": true,
                  "fail": false,
                  "pending": false,
                  "context": null,
                  "code": "expect(responseTime).to.be.below(2000);",
                  "err": {},
                  "uuid": "27185e51-4c28-417c-afe4-e1f279dffe56",
                  "parentUUID": "300d086c-881b-451c-8a28-860b694620ce",
                  "isHook": false,
                  "skipped": false
                },
                {
                  "title": "should return application/json content type",
                  "fullTitle": "ReqRes API Automation – CRUD Tests (Hafiz Hamdani) GET /users/:id - Get Single User should return application/json content type",
                  "timedOut": false,
                  "duration": 0,
                  "state": "passed",
                  "speed": "fast",
                  "pass": true,
                  "fail": false,
                  "pending": false,
                  "context": null,
                  "code": "expect(response.headers.get('content-type')).to.include('application/json');",
                  "err": {},
                  "uuid": "33aec1e6-2c05-408a-9ffa-e8740665d15a",
                  "parentUUID": "300d086c-881b-451c-8a28-860b694620ce",
                  "isHook": false,
                  "skipped": false
                },
                {
                  "title": "should contain all required user fields",
                  "fullTitle": "ReqRes API Automation – CRUD Tests (Hafiz Hamdani) GET /users/:id - Get Single User should contain all required user fields",
                  "timedOut": false,
                  "duration": 0,
                  "state": "passed",
                  "speed": "fast",
                  "pass": true,
                  "fail": false,
                  "pending": false,
                  "context": null,
                  "code": "expect(body.data).to.include.keys(\"id\", \"email\", \"first_name\", \"last_name\", \"avatar\");",
                  "err": {},
                  "uuid": "c6726a6e-5e25-4315-92ff-75064b7d1934",
                  "parentUUID": "300d086c-881b-451c-8a28-860b694620ce",
                  "isHook": false,
                  "skipped": false
                },
                {
                  "title": "should match user schema",
                  "fullTitle": "ReqRes API Automation – CRUD Tests (Hafiz Hamdani) GET /users/:id - Get Single User should match user schema",
                  "timedOut": false,
                  "duration": 0,
                  "state": "passed",
                  "speed": "fast",
                  "pass": true,
                  "fail": false,
                  "pending": false,
                  "context": null,
                  "code": "expect(body.data).to.be.jsonSchema(schemas.user);",
                  "err": {},
                  "uuid": "7b8269f0-294a-470a-93cd-50205f9c0b9e",
                  "parentUUID": "300d086c-881b-451c-8a28-860b694620ce",
                  "isHook": false,
                  "skipped": false
                },
                {
                  "title": "should have valid email format",
                  "fullTitle": "ReqRes API Automation – CRUD Tests (Hafiz Hamdani) GET /users/:id - Get Single User should have valid email format",
                  "timedOut": false,
                  "duration": 1,
                  "state": "passed",
                  "speed": "fast",
                  "pass": true,
                  "fail": false,
                  "pending": false,
                  "context": null,
                  "code": "expect(body.data.email).to.match(/^\\S+@\\S+\\.\\S+$/);",
                  "err": {},
                  "uuid": "f6292c57-abe7-4dbf-867a-cae96709d396",
                  "parentUUID": "300d086c-881b-451c-8a28-860b694620ce",
                  "isHook": false,
                  "skipped": false
                },
                {
                  "title": "should have non-empty first name and last name",
                  "fullTitle": "ReqRes API Automation – CRUD Tests (Hafiz Hamdani) GET /users/:id - Get Single User should have non-empty first name and last name",
                  "timedOut": false,
                  "duration": 0,
                  "state": "passed",
                  "speed": "fast",
                  "pass": true,
                  "fail": false,
                  "pending": false,
                  "context": null,
                  "code": "expect(body.data.first_name).to.be.a(\"string\").that.is.not.empty;\nexpect(body.data.last_name).to.be.a(\"string\").that.is.not.empty;",
                  "err": {},
                  "uuid": "d1e99d05-54ce-4349-9de4-8ad3a3ff6c16",
                  "parentUUID": "300d086c-881b-451c-8a28-860b694620ce",
                  "isHook": false,
                  "skipped": false
                },
                {
                  "title": "should have valid avatar URL",
                  "fullTitle": "ReqRes API Automation – CRUD Tests (Hafiz Hamdani) GET /users/:id - Get Single User should have valid avatar URL",
                  "timedOut": false,
                  "duration": 0,
                  "state": "passed",
                  "speed": "fast",
                  "pass": true,
                  "fail": false,
                  "pending": false,
                  "context": null,
                  "code": "expect(body.data.avatar).to.match(/^https?:\\/\\/[\\w./-]+$/);",
                  "err": {},
                  "uuid": "7b9bbcb0-1319-48f4-8ac3-33047f377982",
                  "parentUUID": "300d086c-881b-451c-8a28-860b694620ce",
                  "isHook": false,
                  "skipped": false
                },
                {
                  "title": "should return correct user ID",
                  "fullTitle": "ReqRes API Automation – CRUD Tests (Hafiz Hamdani) GET /users/:id - Get Single User should return correct user ID",
                  "timedOut": false,
                  "duration": 0,
                  "state": "passed",
                  "speed": "fast",
                  "pass": true,
                  "fail": false,
                  "pending": false,
                  "context": null,
                  "code": "expect(body.data.id).to.equal(testData.validUser.id);",
                  "err": {},
                  "uuid": "d7bdae7e-a670-41ed-ae9a-cffa5aac594d",
                  "parentUUID": "300d086c-881b-451c-8a28-860b694620ce",
                  "isHook": false,
                  "skipped": false
                }
              ],
              "suites": [],
              "passes": [
                "1728248e-0705-4732-bfb3-937468fde26d",
                "27185e51-4c28-417c-afe4-e1f279dffe56",
                "33aec1e6-2c05-408a-9ffa-e8740665d15a",
                "c6726a6e-5e25-4315-92ff-75064b7d1934",
                "7b8269f0-294a-470a-93cd-50205f9c0b9e",
                "f6292c57-abe7-4dbf-867a-cae96709d396",
                "d1e99d05-54ce-4349-9de4-8ad3a3ff6c16",
                "7b9bbcb0-1319-48f4-8ac3-33047f377982",
                "d7bdae7e-a670-41ed-ae9a-cffa5aac594d"
              ],
              "failures": [],
              "pending": [],
              "skipped": [],
              "duration": 1,
              "root": false,
              "rootEmpty": false,
              "_timeout": 2000
            },
            {
              "uuid": "198f3c17-0fe8-4bff-a131-8a8977b64980",
              "title": "POST /users - Create User",
              "fullFile": "W:\\BELAJAR QA\\Nodejs\\triangle-demo\\digitalskola\\Automation-API\\CRUD.js",
              "file": "\\CRUD.js",
              "beforeHooks": [
                {
                  "title": "\"before all\" hook in \"POST /users - Create User\"",
                  "fullTitle": "ReqRes API Automation – CRUD Tests (Hafiz Hamdani) POST /users - Create User \"before all\" hook in \"POST /users - Create User\"",
                  "timedOut": false,
                  "duration": 290,
                  "state": null,
                  "speed": null,
                  "pass": false,
                  "fail": false,
                  "pending": false,
                  "context": null,
                  "code": "const payload = {\n  name: testData.validUser.name,\n  job: testData.validUser.job\n};\nconst startTime = Date.now();\nresponse = await fetch(`${baseUrl}/users`, {\n  method: \"POST\",\n  headers,\n  body: JSON.stringify(payload)\n});\nresponseTime = Date.now() - startTime;\nbody = await response.json();",
                  "err": {},
                  "uuid": "0664b588-4bfc-4009-b253-ad41ecf7a5c3",
                  "parentUUID": "198f3c17-0fe8-4bff-a131-8a8977b64980",
                  "isHook": true,
                  "skipped": false
                }
              ],
              "afterHooks": [],
              "tests": [
                {
                  "title": "should return valid status code",
                  "fullTitle": "ReqRes API Automation – CRUD Tests (Hafiz Hamdani) POST /users - Create User should return valid status code",
                  "timedOut": false,
                  "duration": 0,
                  "state": "passed",
                  "speed": "fast",
                  "pass": true,
                  "fail": false,
                  "pending": false,
                  "context": null,
                  "code": "expect(response.status).to.be.oneOf([200, 201, 204]);",
                  "err": {},
                  "uuid": "918f7ad8-a9bb-4edf-972d-f0f7ff147612",
                  "parentUUID": "198f3c17-0fe8-4bff-a131-8a8977b64980",
                  "isHook": false,
                  "skipped": false
                },
                {
                  "title": "should respond within 2 seconds",
                  "fullTitle": "ReqRes API Automation – CRUD Tests (Hafiz Hamdani) POST /users - Create User should respond within 2 seconds",
                  "timedOut": false,
                  "duration": 0,
                  "state": "passed",
                  "speed": "fast",
                  "pass": true,
                  "fail": false,
                  "pending": false,
                  "context": null,
                  "code": "expect(responseTime).to.be.below(2000);",
                  "err": {},
                  "uuid": "6858be8b-38a7-4877-a967-f8038517e8ad",
                  "parentUUID": "198f3c17-0fe8-4bff-a131-8a8977b64980",
                  "isHook": false,
                  "skipped": false
                },
                {
                  "title": "should return application/json content type",
                  "fullTitle": "ReqRes API Automation – CRUD Tests (Hafiz Hamdani) POST /users - Create User should return application/json content type",
                  "timedOut": false,
                  "duration": 0,
                  "state": "passed",
                  "speed": "fast",
                  "pass": true,
                  "fail": false,
                  "pending": false,
                  "context": null,
                  "code": "expect(response.headers.get('content-type')).to.include('application/json');",
                  "err": {},
                  "uuid": "e3415af7-ae6c-4f5b-a1e4-3e4724e755fb",
                  "parentUUID": "198f3c17-0fe8-4bff-a131-8a8977b64980",
                  "isHook": false,
                  "skipped": false
                },
                {
                  "title": "should generate user ID",
                  "fullTitle": "ReqRes API Automation – CRUD Tests (Hafiz Hamdani) POST /users - Create User should generate user ID",
                  "timedOut": false,
                  "duration": 0,
                  "state": "passed",
                  "speed": "fast",
                  "pass": true,
                  "fail": false,
                  "pending": false,
                  "context": null,
                  "code": "expect(body).to.have.property(\"id\");\nexpect(body.id).to.be.a(\"string\").that.is.not.empty;",
                  "err": {},
                  "uuid": "13409831-9686-4173-8741-3846504153c4",
                  "parentUUID": "198f3c17-0fe8-4bff-a131-8a8977b64980",
                  "isHook": false,
                  "skipped": false
                },
                {
                  "title": "should contain all required fields",
                  "fullTitle": "ReqRes API Automation – CRUD Tests (Hafiz Hamdani) POST /users - Create User should contain all required fields",
                  "timedOut": false,
                  "duration": 1,
                  "state": "passed",
                  "speed": "fast",
                  "pass": true,
                  "fail": false,
                  "pending": false,
                  "context": null,
                  "code": "expect(body).to.have.all.keys(\"name\", \"job\", \"id\", \"createdAt\");",
                  "err": {},
                  "uuid": "f6bf2199-534d-4866-8ddb-fbd72bf56156",
                  "parentUUID": "198f3c17-0fe8-4bff-a131-8a8977b64980",
                  "isHook": false,
                  "skipped": false
                },
                {
                  "title": "should have valid ISO 8601 createdAt timestamp",
                  "fullTitle": "ReqRes API Automation – CRUD Tests (Hafiz Hamdani) POST /users - Create User should have valid ISO 8601 createdAt timestamp",
                  "timedOut": false,
                  "duration": 0,
                  "state": "passed",
                  "speed": "fast",
                  "pass": true,
                  "fail": false,
                  "pending": false,
                  "context": null,
                  "code": "expect(body.createdAt).to.match(/^\\d{4}-\\d{2}-\\d{2}T\\d{2}:\\d{2}:\\d{2}.\\d{3}Z$/);",
                  "err": {},
                  "uuid": "644caf29-1c83-4efb-9ab9-77327f943809",
                  "parentUUID": "198f3c17-0fe8-4bff-a131-8a8977b64980",
                  "isHook": false,
                  "skipped": false
                },
                {
                  "title": "should match created user schema",
                  "fullTitle": "ReqRes API Automation – CRUD Tests (Hafiz Hamdani) POST /users - Create User should match created user schema",
                  "timedOut": false,
                  "duration": 0,
                  "state": "passed",
                  "speed": "fast",
                  "pass": true,
                  "fail": false,
                  "pending": false,
                  "context": null,
                  "code": "expect(body).to.be.jsonSchema(schemas.createdUser);",
                  "err": {},
                  "uuid": "dcfc3ea9-0038-481a-9359-0571f3bce9b8",
                  "parentUUID": "198f3c17-0fe8-4bff-a131-8a8977b64980",
                  "isHook": false,
                  "skipped": false
                }
              ],
              "suites": [],
              "passes": [
                "918f7ad8-a9bb-4edf-972d-f0f7ff147612",
                "6858be8b-38a7-4877-a967-f8038517e8ad",
                "e3415af7-ae6c-4f5b-a1e4-3e4724e755fb",
                "13409831-9686-4173-8741-3846504153c4",
                "f6bf2199-534d-4866-8ddb-fbd72bf56156",
                "644caf29-1c83-4efb-9ab9-77327f943809",
                "dcfc3ea9-0038-481a-9359-0571f3bce9b8"
              ],
              "failures": [],
              "pending": [],
              "skipped": [],
              "duration": 1,
              "root": false,
              "rootEmpty": false,
              "_timeout": 2000
            },
            {
              "uuid": "d62bf121-e92e-494e-9033-bd8b8531ff1b",
              "title": "PUT /users/:id - Update User (Full)",
              "fullFile": "W:\\BELAJAR QA\\Nodejs\\triangle-demo\\digitalskola\\Automation-API\\CRUD.js",
              "file": "\\CRUD.js",
              "beforeHooks": [
                {
                  "title": "\"before all\" hook in \"PUT /users/:id - Update User (Full)\"",
                  "fullTitle": "ReqRes API Automation – CRUD Tests (Hafiz Hamdani) PUT /users/:id - Update User (Full) \"before all\" hook in \"PUT /users/:id - Update User (Full)\"",
                  "timedOut": false,
                  "duration": 212,
                  "state": null,
                  "speed": null,
                  "pass": false,
                  "fail": false,
                  "pending": false,
                  "context": null,
                  "code": "const payload = {\n  name: testData.updateUser.name,\n  job: testData.updateUser.job\n};\nconst startTime = Date.now();\nresponse = await fetch(`${baseUrl}/users/${testData.validUser.id}`, {\n  method: \"PUT\",\n  headers,\n  body: JSON.stringify(payload)\n});\nresponseTime = Date.now() - startTime;\nbody = await response.json();",
                  "err": {},
                  "uuid": "26cbe4e2-5969-4e34-8ed6-2068e6df2720",
                  "parentUUID": "d62bf121-e92e-494e-9033-bd8b8531ff1b",
                  "isHook": true,
                  "skipped": false
                }
              ],
              "afterHooks": [],
              "tests": [
                {
                  "title": "should return valid status code",
                  "fullTitle": "ReqRes API Automation – CRUD Tests (Hafiz Hamdani) PUT /users/:id - Update User (Full) should return valid status code",
                  "timedOut": false,
                  "duration": 0,
                  "state": "passed",
                  "speed": "fast",
                  "pass": true,
                  "fail": false,
                  "pending": false,
                  "context": null,
                  "code": "expect(response.status).to.be.oneOf([200, 201, 204]);",
                  "err": {},
                  "uuid": "04c7459f-00b6-4df7-a21b-e3ee98a42806",
                  "parentUUID": "d62bf121-e92e-494e-9033-bd8b8531ff1b",
                  "isHook": false,
                  "skipped": false
                },
                {
                  "title": "should respond within 2 seconds",
                  "fullTitle": "ReqRes API Automation – CRUD Tests (Hafiz Hamdani) PUT /users/:id - Update User (Full) should respond within 2 seconds",
                  "timedOut": false,
                  "duration": 0,
                  "state": "passed",
                  "speed": "fast",
                  "pass": true,
                  "fail": false,
                  "pending": false,
                  "context": null,
                  "code": "expect(responseTime).to.be.below(2000);",
                  "err": {},
                  "uuid": "d0a8be9c-1bba-4800-971b-516bf2a2165a",
                  "parentUUID": "d62bf121-e92e-494e-9033-bd8b8531ff1b",
                  "isHook": false,
                  "skipped": false
                },
                {
                  "title": "should return application/json content type",
                  "fullTitle": "ReqRes API Automation – CRUD Tests (Hafiz Hamdani) PUT /users/:id - Update User (Full) should return application/json content type",
                  "timedOut": false,
                  "duration": 0,
                  "state": "passed",
                  "speed": "fast",
                  "pass": true,
                  "fail": false,
                  "pending": false,
                  "context": null,
                  "code": "expect(response.headers.get('content-type')).to.include('application/json');",
                  "err": {},
                  "uuid": "1498e5ec-e6ca-4436-8b62-6049fce7dc08",
                  "parentUUID": "d62bf121-e92e-494e-9033-bd8b8531ff1b",
                  "isHook": false,
                  "skipped": false
                },
                {
                  "title": "should include updatedAt timestamp",
                  "fullTitle": "ReqRes API Automation – CRUD Tests (Hafiz Hamdani) PUT /users/:id - Update User (Full) should include updatedAt timestamp",
                  "timedOut": false,
                  "duration": 0,
                  "state": "passed",
                  "speed": "fast",
                  "pass": true,
                  "fail": false,
                  "pending": false,
                  "context": null,
                  "code": "expect(body).to.have.property(\"updatedAt\");",
                  "err": {},
                  "uuid": "20622b59-8061-4240-83aa-339ed375ab3e",
                  "parentUUID": "d62bf121-e92e-494e-9033-bd8b8531ff1b",
                  "isHook": false,
                  "skipped": false
                },
                {
                  "title": "should have valid ISO 8601 updatedAt timestamp",
                  "fullTitle": "ReqRes API Automation – CRUD Tests (Hafiz Hamdani) PUT /users/:id - Update User (Full) should have valid ISO 8601 updatedAt timestamp",
                  "timedOut": false,
                  "duration": 0,
                  "state": "passed",
                  "speed": "fast",
                  "pass": true,
                  "fail": false,
                  "pending": false,
                  "context": null,
                  "code": "expect(body.updatedAt).to.match(/^\\d{4}-\\d{2}-\\d{2}T\\d{2}:\\d{2}:\\d{2}.\\d{3}Z$/);",
                  "err": {},
                  "uuid": "02e4fd1b-652c-4632-aa29-56d8657b8d1d",
                  "parentUUID": "d62bf121-e92e-494e-9033-bd8b8531ff1b",
                  "isHook": false,
                  "skipped": false
                },
                {
                  "title": "should contain updated fields",
[...]
                  "parentUUID": "59e72450-c224-4709-9781-57b143264a73",
                  "isHook": false,
                  "skipped": false
                },
                {
                  "title": "should return application/json content type",
                  "fullTitle": "ReqRes API Automation – CRUD Tests (Hafiz Hamdani) PATCH /users/:id - Update User (Partial) should return application/json content type",
                  "timedOut": false,
                  "duration": 0,
                  "state": "passed",
                  "speed": "fast",
                  "pass": true,
                  "fail": false,
                  "pending": false,
                  "context": null,
                  "code": "expect(response.headers.get('content-type')).to.include('application/json');",
                  "err": {},
                  "uuid": "304ccbc4-f8c7-4973-94a0-d6c4683f6d9c",
                  "parentUUID": "59e72450-c224-4709-9781-57b143264a73",
                  "isHook": false,
                  "skipped": false
                },
                {
                  "title": "should include updatedAt timestamp",
                  "fullTitle": "ReqRes API Automation – CRUD Tests (Hafiz Hamdani) PATCH /users/:id - Update User (Partial) should include updatedAt timestamp",
                  "timedOut": false,
                  "duration": 0,
                  "state": "passed",
                  "speed": "fast",
                  "pass": true,
                  "fail": false,
                  "pending": false,
                  "context": null,
                  "code": "expect(body).to.have.property(\"updatedAt\");",
                  "err": {},
                  "uuid": "feca26ac-4d3e-46d0-8f7d-986d78eb4fc0",
                  "parentUUID": "59e72450-c224-4709-9781-57b143264a73",
                  "isHook": false,
                  "skipped": false
                },
                {
                  "title": "should have valid ISO 8601 updatedAt timestamp",
                  "fullTitle": "ReqRes API Automation – CRUD Tests (Hafiz Hamdani) PATCH /users/:id - Update User (Partial) should have valid ISO 8601 updatedAt timestamp",
                  "timedOut": false,
                  "duration": 0,
                  "state": "passed",
                  "speed": "fast",
                  "pass": true,
                  "fail": false,
                  "pending": false,
                  "context": null,
                  "code": "expect(body.updatedAt).to.match(/^\\d{4}-\\d{2}-\\d{2}T\\d{2}:\\d{2}:\\d{2}.\\d{3}Z$/);",
                  "err": {},
                  "uuid": "85b44d47-09d0-421c-a036-d7ff298ccb2e",
                  "parentUUID": "59e72450-c224-4709-9781-57b143264a73",
                  "isHook": false,
                  "skipped": false
                },
                {
                  "title": "should contain updated fields",
                  "fullTitle": "ReqRes API Automation – CRUD Tests (Hafiz Hamdani) PATCH /users/:id - Update User (Partial) should contain updated fields",
                  "timedOut": false,
                  "duration": 0,
                  "state": "passed",
                  "speed": "fast",
                  "pass": true,
                  "fail": false,
                  "pending": false,
                  "context": null,
                  "code": "expect(body).to.have.any.keys(\"job\", \"updatedAt\");",
                  "err": {},
                  "uuid": "38d52a6d-7bb5-4ffe-8ebf-43a4e44bb35f",
                  "parentUUID": "59e72450-c224-4709-9781-57b143264a73",
                  "isHook": false,
                  "skipped": false
                }
              ],
              "suites": [],
              "passes": [
                "d2da5492-3653-4fb1-993c-bc0eaf589d5a",
                "7609469b-826e-4d56-a8ad-eb96a2678f9b",
                "304ccbc4-f8c7-4973-94a0-d6c4683f6d9c",
                "feca26ac-4d3e-46d0-8f7d-986d78eb4fc0",
                "85b44d47-09d0-421c-a036-d7ff298ccb2e",
                "38d52a6d-7bb5-4ffe-8ebf-43a4e44bb35f"
              ],
              "failures": [],
              "pending": [],
              "skipped": [],
              "duration": 0,
              "root": false,
              "rootEmpty": false,
              "_timeout": 2000
            },
            {
              "uuid": "1f9fed98-4a60-451c-83bc-dfa9c3193457",
              "title": "DELETE /users/:id - Delete User",
              "fullFile": "W:\\BELAJAR QA\\Nodejs\\triangle-demo\\digitalskola\\Automation-API\\CRUD.js",
              "file": "\\CRUD.js",
              "beforeHooks": [
                {
                  "title": "\"before all\" hook in \"DELETE /users/:id - Delete User\"",
                  "fullTitle": "ReqRes API Automation – CRUD Tests (Hafiz Hamdani) DELETE /users/:id - Delete User \"before all\" hook in \"DELETE /users/:id - Delete User\"",
                  "timedOut": false,
                  "duration": 206,
                  "state": null,
                  "speed": null,
                  "pass": false,
                  "fail": false,
                  "pending": false,
                  "context": null,
                  "code": "const startTime = Date.now();\nresponse = await fetch(`${baseUrl}/users/${testData.validUser.id}`, {\n  method: \"DELETE\",\n  headers\n});\nresponseTime = Date.now() - startTime;\nbodyText = await response.text();",
                  "err": {},
                  "uuid": "b9a8c269-60a9-4693-992e-37100246dd1e",
                  "parentUUID": "1f9fed98-4a60-451c-83bc-dfa9c3193457",
                  "isHook": true,
                  "skipped": false
                }
              ],
              "afterHooks": [],
              "tests": [
                {
                  "title": "should return 204 No Content status",
                  "fullTitle": "ReqRes API Automation – CRUD Tests (Hafiz Hamdani) DELETE /users/:id - Delete User should return 204 No Content status",
                  "timedOut": false,
                  "duration": 0,
                  "state": "passed",
                  "speed": "fast",
                  "pass": true,
                  "fail": false,
                  "pending": false,
                  "context": null,
                  "code": "expect(response.status).to.equal(204);",
                  "err": {},
                  "uuid": "3a566849-1bc8-4a23-baff-314e7f8e6885",
                  "parentUUID": "1f9fed98-4a60-451c-83bc-dfa9c3193457",
                  "isHook": false,
                  "skipped": false
                },
                {
                  "title": "should respond within 2 seconds",
                  "fullTitle": "ReqRes API Automation – CRUD Tests (Hafiz Hamdani) DELETE /users/:id - Delete User should respond within 2 seconds",
                  "timedOut": false,
                  "duration": 0,
                  "state": "passed",
                  "speed": "fast",
                  "pass": true,
                  "fail": false,
                  "pending": false,
                  "context": null,
                  "code": "expect(responseTime).to.be.below(2000);",
                  "err": {},
                  "uuid": "80575f8f-70b0-4d03-85d6-612a78583849",
                  "parentUUID": "1f9fed98-4a60-451c-83bc-dfa9c3193457",
                  "isHook": false,
                  "skipped": false
                },
                {
                  "title": "should return empty response body",
                  "fullTitle": "ReqRes API Automation – CRUD Tests (Hafiz Hamdani) DELETE /users/:id - Delete User should return empty response body",
                  "timedOut": false,
                  "duration": 0,
                  "state": "passed",
                  "speed": "fast",
                  "pass": true,
                  "fail": false,
                  "pending": false,
                  "context": null,
                  "code": "expect(bodyText).to.be.empty;",
                  "err": {},
                  "uuid": "583add5b-a40a-4e27-82a2-93634b057b78",
                  "parentUUID": "1f9fed98-4a60-451c-83bc-dfa9c3193457",
                  "isHook": false,
                  "skipped": false
                },
                {
                  "title": "should not include Content-Type header",
                  "fullTitle": "ReqRes API Automation – CRUD Tests (Hafiz Hamdani) DELETE /users/:id - Delete User should not include Content-Type header",
                  "timedOut": false,
                  "duration": 0,
                  "state": "passed",
                  "speed": "fast",
                  "pass": true,
                  "fail": false,
                  "pending": false,
                  "context": null,
                  "code": "expect(response.headers.has(\"Content-Type\")).to.be.false;",
                  "err": {},
                  "uuid": "0f60b3fd-3945-4131-937f-6950818ffbf7",
                  "parentUUID": "1f9fed98-4a60-451c-83bc-dfa9c3193457",
                  "isHook": false,
                  "skipped": false
                }
              ],
              "suites": [],
              "passes": [
                "3a566849-1bc8-4a23-baff-314e7f8e6885",
                "80575f8f-70b0-4d03-85d6-612a78583849",
                "583add5b-a40a-4e27-82a2-93634b057b78",
                "0f60b3fd-3945-4131-937f-6950818ffbf7"
              ],
              "failures": [],
              "pending": [],
              "skipped": [],
              "duration": 0,
              "root": false,
              "rootEmpty": false,
              "_timeout": 2000
            },
            {
              "uuid": "f355ed01-3e8d-4bf7-b53d-11f89afb5420",
              "title": "GET /unknown - List Resources",
              "fullFile": "W:\\BELAJAR QA\\Nodejs\\triangle-demo\\digitalskola\\Automation-API\\CRUD.js",
              "file": "\\CRUD.js",
              "beforeHooks": [
                {
                  "title": "\"before all\" hook in \"GET /unknown - List Resources\"",
                  "fullTitle": "ReqRes API Automation – CRUD Tests (Hafiz Hamdani) GET /unknown - List Resources \"before all\" hook in \"GET /unknown - List Resources\"",
                  "timedOut": false,
                  "duration": 32,
                  "state": null,
                  "speed": null,
                  "pass": false,
                  "fail": false,
                  "pending": false,
                  "context": null,
                  "code": "const startTime = Date.now();\nresponse = await fetch(`${baseUrl}/unknown`, { headers });\nresponseTime = Date.now() - startTime;\nbody = await response.json();",
                  "err": {},
                  "uuid": "835657f2-ae5c-4600-98bb-b67f4d657ba7",
                  "parentUUID": "f355ed01-3e8d-4bf7-b53d-11f89afb5420",
                  "isHook": true,
                  "skipped": false
                }
              ],
              "afterHooks": [],
              "tests": [
                {
                  "title": "should return valid status code",
                  "fullTitle": "ReqRes API Automation – CRUD Tests (Hafiz Hamdani) GET /unknown - List Resources should return valid status code",
                  "timedOut": false,
                  "duration": 0,
                  "state": "passed",
                  "speed": "fast",
                  "pass": true,
                  "fail": false,
                  "pending": false,
                  "context": null,
                  "code": "expect(response.status).to.be.oneOf([200, 201, 204]);",
                  "err": {},
                  "uuid": "01e40888-7282-4214-b5e8-bfd7093fe06b",
                  "parentUUID": "f355ed01-3e8d-4bf7-b53d-11f89afb5420",
                  "isHook": false,
                  "skipped": false
                },
                {
                  "title": "should respond within 2 seconds",
                  "fullTitle": "ReqRes API Automation – CRUD Tests (Hafiz Hamdani) GET /unknown - List Resources should respond within 2 seconds",
                  "timedOut": false,
                  "duration": 0,
                  "state": "passed",
                  "speed": "fast",
                  "pass": true,
                  "fail": false,
                  "pending": false,
                  "context": null,
                  "code": "expect(responseTime).to.be.below(2000);",
                  "err": {},
                  "uuid": "aca78936-9bbb-4ee4-af2d-035396e4847c",
                  "parentUUID": "f355ed01-3e8d-4bf7-b53d-11f89afb5420",
                  "isHook": false,
                  "skipped": false
                },
                {
                  "title": "should return application/json content type",
                  "fullTitle": "ReqRes API Automation – CRUD Tests (Hafiz Hamdani) GET /unknown - List Resources should return application/json content type",
                  "timedOut": false,
                  "duration": 0,
                  "state": "passed",
                  "speed": "fast",
                  "pass": true,
                  "fail": false,
                  "pending": false,
                  "context": null,
                  "code": "expect(response.headers.get('content-type')).to.include('application/json');",
                  "err": {},
                  "uuid": "1eeda1a8-7a66-46b8-9700-b9f80679709c",
                  "parentUUID": "f355ed01-3e8d-4bf7-b53d-11f89afb5420",
                  "isHook": false,
                  "skipped": false
                },
                {
                  "title": "should match expected JSON schema",
                  "fullTitle": "ReqRes API Automation – CRUD Tests (Hafiz Hamdani) GET /unknown - List Resources should match expected JSON schema",
                  "timedOut": false,
                  "duration": 0,
                  "state": "passed",
                  "speed": "fast",
                  "pass": true,
                  "fail": false,
                  "pending": false,
                  "context": null,
                  "code": "expect(body).to.be.jsonSchema(schemas.resourcesList);",
                  "err": {},
                  "uuid": "ecbe1ea2-34e4-4ac1-a084-b7ccceeda792",
                  "parentUUID": "f355ed01-3e8d-4bf7-b53d-11f89afb5420",
                  "isHook": false,
                  "skipped": false
                },
                {
                  "title": "should return non-empty data array",
                  "fullTitle": "ReqRes API Automation – CRUD Tests (Hafiz Hamdani) GET /unknown - List Resources should return non-empty data array",
                  "timedOut": false,
                  "duration": 0,
                  "state": "passed",
                  "speed": "fast",
                  "pass": true,
                  "fail": false,
                  "pending": false,
                  "context": null,
                  "code": "expect(body.data).to.be.an('array').that.is.not.empty;",
                  "err": {},
                  "uuid": "8180b12d-e661-46fb-a310-ad9d531b52ac",
                  "parentUUID": "f355ed01-3e8d-4bf7-b53d-11f89afb5420",
                  "isHook": false,
                  "skipped": false
                },
                {
                  "title": "should contain all required fields for each resource",
                  "fullTitle": "ReqRes API Automation – CRUD Tests (Hafiz Hamdani) GET /unknown - List Resources should contain all required fields for each resource",
                  "timedOut": false,
                  "duration": 0,
                  "state": "passed",
                  "speed": "fast",
                  "pass": true,
                  "fail": false,
                  "pending": false,
                  "context": null,
                  "code": "body.data.forEach(resource => {\n  expect(resource).to.have.all.keys(\"id\", \"name\", \"year\", \"color\", \"pantone_value\");\n});",
                  "err": {},
                  "uuid": "1a6c14a1-4a4f-47b1-955c-cdfd7a38f2b8",
                  "parentUUID": "f355ed01-3e8d-4bf7-b53d-11f89afb5420",
                  "isHook": false,
                  "skipped": false
                },
                {
                  "title": "should have valid pagination metadata",
                  "fullTitle": "ReqRes API Automation – CRUD Tests (Hafiz Hamdani) GET /unknown - List Resources should have valid pagination metadata",
                  "timedOut": false,
                  "duration": 0,
                  "state": "passed",
                  "speed": "fast",
                  "pass": true,
                  "fail": false,
                  "pending": false,
                  "context": null,
                  "code": "expect(body.page).to.be.a(\"number\");\nexpect(body.per_page).to.be.a(\"number\");\nexpect(body.total).to.be.a(\"number\");\nexpect(body.total_pages).to.be.at.least(1);",
                  "err": {},
                  "uuid": "042d430c-0bcf-4c0c-9691-e884dd68a1d3",
                  "parentUUID": "f355ed01-3e8d-4bf7-b53d-11f89afb5420",
                  "isHook": false,
                  "skipped": false
                },
                {
                  "title": "should include support information",
                  "fullTitle": "ReqRes API Automation – CRUD Tests (Hafiz Hamdani) GET /unknown - List Resources should include support information",
                  "timedOut": false,
                  "duration": 0,
                  "state": "passed",
                  "speed": "fast",
                  "pass": true,
                  "fail": false,
                  "pending": false,
                  "context": null,
                  "code": "expect(body.support).to.be.an(\"object\");\nexpect(body.support.url).to.be.a(\"string\").that.is.not.empty;\nexpect(body.support.text).to.be.a(\"string\").that.is.not.empty;",
                  "err": {},
                  "uuid": "596a27c4-95ff-48de-af9a-0bde9b241fbd",
                  "parentUUID": "f355ed01-3e8d-4bf7-b53d-11f89afb5420",
                  "isHook": false,
                  "skipped": false
                }
              ],
              "suites": [],
              "passes": [
                "01e40888-7282-4214-b5e8-bfd7093fe06b",
                "aca78936-9bbb-4ee4-af2d-035396e4847c",
                "1eeda1a8-7a66-46b8-9700-b9f80679709c",
                "ecbe1ea2-34e4-4ac1-a084-b7ccceeda792",
                "8180b12d-e661-46fb-a310-ad9d531b52ac",
                "1a6c14a1-4a4f-47b1-955c-cdfd7a38f2b8",
                "042d430c-0bcf-4c0c-9691-e884dd68a1d3",
                "596a27c4-95ff-48de-af9a-0bde9b241fbd"
              ],
              "failures": [],
              "pending": [],
              "skipped": [],
              "duration": 0,
              "root": false,
              "rootEmpty": false,
              "_timeout": 2000
            }
          ],
          "passes": [],
          "failures": [],
          "pending": [],
          "skipped": [],
          "duration": 0,
          "root": false,
          "rootEmpty": false,
          "_timeout": 2000
        }
      ],
      "passes": [],
      "failures": [],
      "pending": [],
      "skipped": [],
      "duration": 0,
      "root": true,
      "rootEmpty": true,
      "_timeout": 2000
    }
  ],
  "meta": {
    "mocha": {
      "version": "11.7.4"
    },
    "mochawesome": {
      "options": {
        "quiet": false,
        "reportFilename": "test-report",
        "saveHtml": true,
        "saveJson": true,
        "consoleReporter": "spec",
        "useInlineDiffs": false,
        "code": true
      },
      "version": "7.1.4"
    },
    "marge": {
      "options": {
        "reportDir": "reports",
        "reportFilename": "test-report",
        "html": "true",
        "json": "true"
      },
      "version": "6.3.0"
    }
  }
}