{
  "stats": {
    "suites": 3,
    "tests": 10,
    "passes": 10,
    "pending": 0,
    "failures": 0,
    "start": "2025-10-28T12:38:27.127Z",
    "end": "2025-10-28T12:38:45.593Z",
    "duration": 18466,
    "testsRegistered": 10,
    "passPercent": 100,
    "pendingPercent": 0,
    "other": 0,
    "hasOther": false,
    "skipped": 0,
    "hasSkipped": false
  },
  "results": [
    {
      "uuid": "84958e70-a4c8-4276-8f6b-b5fabf9368ee",
      "title": "",
      "fullFile": "W:\\BELAJAR QA\\digitalskola\\DigitalSkola---QA-Engineer\\pertemuan 10\\tests\\sesi10.js",
      "file": "\\tests\\sesi10.js",
      "beforeHooks": [],
      "afterHooks": [],
      "tests": [],
      "suites": [
        {
          "uuid": "366e4657-f4da-4127-a0c2-b20426d40318",
          "title": "SauceDemo Automation Tests",
          "fullFile": "W:\\BELAJAR QA\\digitalskola\\DigitalSkola---QA-Engineer\\pertemuan 10\\tests\\sesi10.js",
          "file": "\\tests\\sesi10.js",
          "beforeHooks": [
            {
              "title": "\"before all\" hook in \"SauceDemo Automation Tests\"",
              "fullTitle": "SauceDemo Automation Tests \"before all\" hook in \"SauceDemo Automation Tests\"",
              "timedOut": false,
              "duration": 19,
              "state": null,
              "speed": null,
              "pass": false,
              "fail": false,
              "pending": false,
              "context": null,
              "code": "console.log('\\n╔════════════════════════════════════════════════════════════╗');\nconsole.log('║       SauceDemo Automation Test Suite Starting...            ║');\nconsole.log('╚══════════════════════════════════════════════════════════════╝');\nconsole.log(`Test Environment: ${TEST_CONFIG.baseUrl}`);\nconsole.log(`Browser: Chrome (Headless Mode)`);\nconsole.log(`Start Time: ${new Date().toLocaleString()}\\n`);",
              "err": {},
              "uuid": "eff53bfb-c05c-4cd1-bd9a-42d8cf58fe9f",
              "parentUUID": "366e4657-f4da-4127-a0c2-b20426d40318",
              "isHook": true,
              "skipped": false
            },
            {
              "title": "\"before each\" hook in \"SauceDemo Automation Tests\"",
              "fullTitle": "SauceDemo Automation Tests \"before each\" hook in \"SauceDemo Automation Tests\"",
              "timedOut": false,
              "duration": 686,
              "state": null,
              "speed": null,
              "pass": false,
              "fail": false,
              "pending": false,
              "context": null,
              "code": "const testName = this.currentTest.title;\nconsole.log(`\\n▶ Starting: ${testName}`);\n\nconst options = new chrome.Options();\noptions.addArguments('--headless');\noptions.addArguments('--no-sandbox');\noptions.addArguments('--disable-dev-shm-usage');\noptions.addArguments('--disable-gpu');\noptions.addArguments('--window-size=1920,1080');\n\ndriver = await new Builder()\n    .forBrowser('chrome')\n    .setChromeOptions(options)\n    .build();\n\nawait driver.manage().setTimeouts({ implicit: TEST_CONFIG.timeouts.implicit });\n\ntestResults.total++;",
              "err": {},
              "uuid": "73c0430c-c86b-486d-acc7-affe203558cf",
              "parentUUID": "366e4657-f4da-4127-a0c2-b20426d40318",
              "isHook": true,
              "skipped": false
            }
          ],
          "afterHooks": [
            {
              "title": "\"after all\" hook in \"SauceDemo Automation Tests\"",
              "fullTitle": "SauceDemo Automation Tests \"after all\" hook in \"SauceDemo Automation Tests\"",
              "timedOut": false,
              "duration": 2,
              "state": null,
              "speed": null,
              "pass": false,
              "fail": false,
              "pending": false,
              "context": null,
              "code": "console.log('\\n╔════════════════════════════════════════════════════════════╗');\nconsole.log('║              Test Execution Summary                          ║');\nconsole.log('╚══════════════════════════════════════════════════════════════╝');\nconsole.log(`Total Tests:  ${testResults.total}`);\nconsole.log(`✓ Passed:     ${testResults.passed}`);\nconsole.log(`✗ Failed:     ${testResults.failed}`);\nconsole.log(`Success Rate: ${((testResults.passed / testResults.total) * 100).toFixed(2)}%`);\nconsole.log(`End Time:     ${new Date().toLocaleString()}`);\nconsole.log('════════════════════════════════════════════════════════════\\n');",
              "err": {},
              "uuid": "43598bdf-bbb9-449c-ab95-5d60fd0479b1",
              "parentUUID": "366e4657-f4da-4127-a0c2-b20426d40318",
              "isHook": true,
              "skipped": false
            },
            {
              "title": "\"after each\" hook in \"SauceDemo Automation Tests\"",
              "fullTitle": "SauceDemo Automation Tests \"after each\" hook in \"SauceDemo Automation Tests\"",
              "timedOut": false,
              "duration": 54,
              "state": null,
              "speed": null,
              "pass": false,
              "fail": false,
              "pending": false,
              "context": null,
              "code": "const testName = this.currentTest.title;\nconst testState = this.currentTest.state;\n\nif (testState === 'passed') {\n    testResults.passed++;\n    console.log(`✓ PASSED: ${testName}`);\n} else if (testState === 'failed') {\n    testResults.failed++;\n    console.log(`✗ FAILED: ${testName}`);\n    if (this.currentTest.err) {\n        console.log(`  Error: ${this.currentTest.err.message}`);\n    }\n}\n\nif (driver) {\n    await driver.quit();\n}",
              "err": {},
              "uuid": "2e8eead6-f923-46e0-81d0-0c3a6e5d3d62",
              "parentUUID": "366e4657-f4da-4127-a0c2-b20426d40318",
              "isHook": true,
              "skipped": false
            }
          ],
          "tests": [],
          "suites": [
            {
              "uuid": "fd565a2a-b09a-4832-9573-110ae31c8e0d",
              "title": "Authentication Tests",
              "fullFile": "W:\\BELAJAR QA\\digitalskola\\DigitalSkola---QA-Engineer\\pertemuan 10\\tests\\sesi10.js",
              "file": "\\tests\\sesi10.js",
              "beforeHooks": [],
              "afterHooks": [],
              "tests": [
                {
                  "title": "TC-001: Should successfully login with valid credentials",
                  "fullTitle": "SauceDemo Automation Tests Authentication Tests TC-001: Should successfully login with valid credentials",
                  "timedOut": false,
                  "duration": 632,
                  "state": "passed",
                  "speed": "slow",
                  "pass": true,
                  "fail": false,
                  "pending": false,
                  "context": null,
                  "code": "await driver.get(TEST_CONFIG.baseUrl);\n\nconst pageTitle = await driver.getTitle();\nassert.strictEqual(pageTitle, 'Swag Labs', 'Page title should be \"Swag Labs\"');\nconst usernameField = await driver.findElement(By.css(SELECTORS.login.username));\nconst passwordField = await driver.findElement(By.css(SELECTORS.login.password));\nconst loginButton = await driver.findElement(By.css(SELECTORS.login.loginButton));\nawait usernameField.sendKeys(TEST_CONFIG.credentials.username);\nawait passwordField.sendKeys(TEST_CONFIG.credentials.password);\nawait loginButton.click();\nconst inventoryContainer = await driver.wait(\n    until.elementLocated(By.css(SELECTORS.inventory.container)),\n    TEST_CONFIG.timeouts.explicit,\n    'Inventory page should be displayed after successful login'\n);\nconst isInventoryDisplayed = await inventoryContainer.isDisplayed();\nassert.strictEqual(isInventoryDisplayed, true, 'Inventory container should be visible');\nconst appLogo = await driver.findElement(By.css(SELECTORS.inventory.appLogo));\nconst logoText = await appLogo.getText();\nassert.strictEqual(logoText, 'Swag Labs', 'App logo should display \"Swag Labs\"');\nconst cartIcon = await driver.findElement(By.css(SELECTORS.inventory.cartIcon));\nconst isCartDisplayed = await cartIcon.isDisplayed();\nassert.strictEqual(isCartDisplayed, true, 'Shopping cart icon should be visible');\nconsole.log('✓ Login successful with user:', TEST_CONFIG.credentials.username);",
                  "err": {},
                  "uuid": "fba142dd-b19e-44cc-9961-b15d20fb2e26",
                  "parentUUID": "fd565a2a-b09a-4832-9573-110ae31c8e0d",
                  "isHook": false,
                  "skipped": false
                },
                {
                  "title": "TC-002: Should fail to login with invalid username",
                  "fullTitle": "SauceDemo Automation Tests Authentication Tests TC-002: Should fail to login with invalid username",
                  "timedOut": false,
                  "duration": 1199,
                  "state": "passed",
                  "speed": "slow",
                  "pass": true,
                  "fail": false,
                  "pending": false,
                  "context": null,
                  "code": "await driver.get(TEST_CONFIG.baseUrl);\nconst usernameField = await driver.findElement(By.css(SELECTORS.login.username));\nconst passwordField = await driver.findElement(By.css(SELECTORS.login.password));\nconst loginButton = await driver.findElement(By.css(SELECTORS.login.loginButton));\nawait usernameField.sendKeys('invalid_user');\nawait passwordField.sendKeys(TEST_CONFIG.credentials.password);\nawait loginButton.click();\nconst errorMessage = await driver.wait(\n    until.elementLocated(By.css('[data-test=\"error\"]')),\n    TEST_CONFIG.timeouts.explicit,\n    'Error message should be displayed'\n);\nconst isErrorDisplayed = await errorMessage.isDisplayed();\nassert.strictEqual(isErrorDisplayed, true, 'Error message should be visible');\nconst errorText = await errorMessage.getText();\nassert.ok(\n    errorText.includes('Username and password do not match'),\n    'Error message should indicate invalid credentials'\n);\nconst loginFormExists = await driver.findElements(By.css(SELECTORS.login.username));\nassert.strictEqual(\n    loginFormExists.length > 0,\n    true,\n    'User should remain on login page'\n);\nconsole.log('✓ Login failed as expected with invalid username');\nconsole.log('  Error message:', errorText);",
                  "err": {},
                  "uuid": "1f8d9fb3-6e40-4707-ac3c-8b9a4b9f65ba",
                  "parentUUID": "fd565a2a-b09a-4832-9573-110ae31c8e0d",
                  "isHook": false,
                  "skipped": false
                },
                {
                  "title": "TC-003: Should fail to login with invalid password",
                  "fullTitle": "SauceDemo Automation Tests Authentication Tests TC-003: Should fail to login with invalid password",
                  "timedOut": false,
                  "duration": 587,
                  "state": "passed",
                  "speed": "slow",
                  "pass": true,
                  "fail": false,
                  "pending": false,
                  "context": null,
                  "code": "await driver.get(TEST_CONFIG.baseUrl);\nconst usernameField = await driver.findElement(By.css(SELECTORS.login.username));\nconst passwordField = await driver.findElement(By.css(SELECTORS.login.password));\nconst loginButton = await driver.findElement(By.css(SELECTORS.login.loginButton));\nawait usernameField.sendKeys(TEST_CONFIG.credentials.username);\nawait passwordField.sendKeys('wrong_password');\nawait loginButton.click();\nconst errorMessage = await driver.wait(\n    until.elementLocated(By.css('[data-test=\"error\"]')),\n    TEST_CONFIG.timeouts.explicit,\n    'Error message should be displayed'\n);\nconst isErrorDisplayed = await errorMessage.isDisplayed();\nassert.strictEqual(isErrorDisplayed, true, 'Error message should be visible');\nconst errorText = await errorMessage.getText();\nassert.ok(\n    errorText.includes('Username and password do not match'),\n    'Error message should indicate invalid credentials'\n);\nconsole.log('✓ Login failed as expected with invalid password');\nconsole.log('  Error message:', errorText);",
                  "err": {},
                  "uuid": "6887ffd6-2ac2-4d5f-9daa-e0dd5e39d478",
                  "parentUUID": "fd565a2a-b09a-4832-9573-110ae31c8e0d",
                  "isHook": false,
                  "skipped": false
                },
                {
                  "title": "TC-004: Should fail to login with empty credentials",
                  "fullTitle": "SauceDemo Automation Tests Authentication Tests TC-004: Should fail to login with empty credentials",
                  "timedOut": false,
                  "duration": 466,
                  "state": "passed",
                  "speed": "slow",
                  "pass": true,
                  "fail": false,
                  "pending": false,
                  "context": null,
                  "code": "await driver.get(TEST_CONFIG.baseUrl);\nconst loginButton = await driver.findElement(By.css(SELECTORS.login.loginButton));\nawait loginButton.click();\nconst errorMessage = await driver.wait(\n    until.elementLocated(By.css('[data-test=\"error\"]')),\n    TEST_CONFIG.timeouts.explicit,\n    'Error message should be displayed'\n);\nconst isErrorDisplayed = await errorMessage.isDisplayed();\nassert.strictEqual(isErrorDisplayed, true, 'Error message should be visible');\nconst errorText = await errorMessage.getText();\nassert.ok(\n    errorText.includes('Username is required'),\n    'Error message should indicate username is required'\n);\nconsole.log('✓ Login failed as expected with empty credentials');\nconsole.log('  Error message:', errorText);",
                  "err": {},
                  "uuid": "3d80a9b9-cb20-41fb-bb72-79b68b78e1ea",
                  "parentUUID": "fd565a2a-b09a-4832-9573-110ae31c8e0d",
                  "isHook": false,
                  "skipped": false
                },
                {
                  "title": "TC-005: Should fail to login with empty password",
                  "fullTitle": "SauceDemo Automation Tests Authentication Tests TC-005: Should fail to login with empty password",
                  "timedOut": false,
                  "duration": 621,
                  "state": "passed",
                  "speed": "slow",
                  "pass": true,
                  "fail": false,
                  "pending": false,
                  "context": null,
                  "code": "await driver.get(TEST_CONFIG.baseUrl);\nconst usernameField = await driver.findElement(By.css(SELECTORS.login.username));\nconst loginButton = await driver.findElement(By.css(SELECTORS.login.loginButton));\nawait usernameField.sendKeys(TEST_CONFIG.credentials.username);\nawait loginButton.click();\nconst errorMessage = await driver.wait(\n    until.elementLocated(By.css('[data-test=\"error\"]')),\n    TEST_CONFIG.timeouts.explicit,\n    'Error message should be displayed'\n);\nconst isErrorDisplayed = await errorMessage.isDisplayed();\nassert.strictEqual(isErrorDisplayed, true, 'Error message should be visible');\nconst errorText = await errorMessage.getText();\nassert.ok(\n    errorText.includes('Password is required'),\n    'Error message should indicate password is required'\n);\nconsole.log('✓ Login failed as expected with empty password');\nconsole.log('  Error message:', errorText);",
                  "err": {},
                  "uuid": "81207aa9-c720-4ffb-833a-4df2102f717d",
                  "parentUUID": "fd565a2a-b09a-4832-9573-110ae31c8e0d",
                  "isHook": false,
                  "skipped": false
                },
                {
                  "title": "TC-006: Should fail to login with locked out user",
                  "fullTitle": "SauceDemo Automation Tests Authentication Tests TC-006: Should fail to login with locked out user",
                  "timedOut": false,
                  "duration": 592,
                  "state": "passed",
                  "speed": "slow",
                  "pass": true,
                  "fail": false,
                  "pending": false,
                  "context": null,
                  "code": "await driver.get(TEST_CONFIG.baseUrl);\nconst usernameField = await driver.findElement(By.css(SELECTORS.login.username));\nconst passwordField = await driver.findElement(By.css(SELECTORS.login.password));\nconst loginButton = await driver.findElement(By.css(SELECTORS.login.loginButton));\nawait usernameField.sendKeys('locked_out_user');\nawait passwordField.sendKeys(TEST_CONFIG.credentials.password);\nawait loginButton.click();\nconst errorMessage = await driver.wait(\n    until.elementLocated(By.css('[data-test=\"error\"]')),\n    TEST_CONFIG.timeouts.explicit,\n    'Error message should be displayed'\n);\nconst isErrorDisplayed = await errorMessage.isDisplayed();\nassert.strictEqual(isErrorDisplayed, true, 'Error message should be visible');\nconst errorText = await errorMessage.getText();\nassert.ok(\n    errorText.includes('this user has been locked out'),\n    'Error message should indicate user is locked out'\n);\nconsole.log('✓ Login failed as expected with locked out user');\nconsole.log('  Error message:', errorText);",
                  "err": {},
                  "uuid": "bee1126e-a6ff-435c-9458-1c305ce89f83",
                  "parentUUID": "fd565a2a-b09a-4832-9573-110ae31c8e0d",
                  "isHook": false,
                  "skipped": false
                }
              ],
              "suites": [],
              "passes": [
                "fba142dd-b19e-44cc-9961-b15d20fb2e26",
                "1f8d9fb3-6e40-4707-ac3c-8b9a4b9f65ba",
                "6887ffd6-2ac2-4d5f-9daa-e0dd5e39d478",
                "3d80a9b9-cb20-41fb-bb72-79b68b78e1ea",
                "81207aa9-c720-4ffb-833a-4df2102f717d",
                "bee1126e-a6ff-435c-9458-1c305ce89f83"
              ],
              "failures": [],
              "pending": [],
              "skipped": [],
              "duration": 4097,
              "root": false,
              "rootEmpty": false,
              "_timeout": 30000
            },
            {
              "uuid": "12729bfd-2eb3-417f-81bb-0e04c0eb4d87",
              "title": "Product Sorting Tests",
              "fullFile": "W:\\BELAJAR QA\\digitalskola\\DigitalSkola---QA-Engineer\\pertemuan 10\\tests\\sesi10.js",
              "file": "\\tests\\sesi10.js",
              "beforeHooks": [],
              "afterHooks": [],
              "tests": [
                {
                  "title": "TC-007: Should sort products from A to Z",
                  "fullTitle": "SauceDemo Automation Tests Product Sorting Tests TC-007: Should sort products from A to Z",
                  "timedOut": false,
                  "duration": 1733,
                  "state": "passed",
                  "speed": "slow",
                  "pass": true,
                  "fail": false,
                  "pending": false,
                  "context": null,
                  "code": "await performLogin();\nconst productsBefore = await getProductNames();\nconsole.log('Products before sorting:', productsBefore);\nawait selectSortOption(SELECTORS.sortOptions.nameAZ);\nconst productsAfter = await getProductNames();\nconsole.log('Products after sorting (A-Z):', productsAfter);\nconst expectedSortedProducts = [...productsAfter].sort();\nassert.deepStrictEqual(\n    productsAfter,\n    expectedSortedProducts,\n    'Products should be sorted alphabetically from A to Z'\n);\nassert.strictEqual(\n    productsAfter[0],\n    'Sauce Labs Backpack',\n    'First product should be \"Sauce Labs Backpack\"'\n);\nconsole.log('✓ Products successfully sorted from A to Z');",
                  "err": {},
                  "uuid": "e3266d0c-93d1-4433-be58-4e60ebc089b1",
                  "parentUUID": "12729bfd-2eb3-417f-81bb-0e04c0eb4d87",
                  "isHook": false,
                  "skipped": false
                },
                {
                  "title": "TC-008: Should sort products from Z to A",
                  "fullTitle": "SauceDemo Automation Tests Product Sorting Tests TC-008: Should sort products from Z to A",
                  "timedOut": false,
                  "duration": 1739,
                  "state": "passed",
                  "speed": "slow",
                  "pass": true,
                  "fail": false,
                  "pending": false,
                  "context": null,
                  "code": "await performLogin();\nawait selectSortOption(SELECTORS.sortOptions.nameZA);\nconst products = await getProductNames();\nconsole.log('Products after sorting (Z-A):', products);\nconst expectedSortedProducts = [...products].sort().reverse();\nassert.deepStrictEqual(\n    products,\n    expectedSortedProducts,\n    'Products should be sorted alphabetically from Z to A'\n);\nconsole.log('✓ Products successfully sorted from Z to A');",
                  "err": {},
                  "uuid": "931e22b6-e311-4e88-9f71-e8befdcbed2d",
                  "parentUUID": "12729bfd-2eb3-417f-81bb-0e04c0eb4d87",
                  "isHook": false,
                  "skipped": false
                },
                {
                  "title": "TC-009: Should sort products by price (low to high)",
                  "fullTitle": "SauceDemo Automation Tests Product Sorting Tests TC-009: Should sort products by price (low to high)",
                  "timedOut": false,
                  "duration": 1835,
                  "state": "passed",
                  "speed": "slow",
                  "pass": true,
                  "fail": false,
                  "pending": false,
                  "context": null,
                  "code": "await performLogin();\nawait selectSortOption(SELECTORS.sortOptions.priceLowHigh);\nconst prices = await getProductPrices();\nconsole.log('Prices after sorting (low to high):', prices);\nconst expectedSortedPrices = [...prices].sort((a, b) => a - b);\nassert.deepStrictEqual(\n    prices,\n    expectedSortedPrices,\n    'Products should be sorted by price from low to high'\n);\nconsole.log('✓ Products successfully sorted by price (low to high)');",
                  "err": {},
                  "uuid": "13d96408-8947-4dad-b1cc-44c6cbeafb14",
                  "parentUUID": "12729bfd-2eb3-417f-81bb-0e04c0eb4d87",
                  "isHook": false,
                  "skipped": false
                },
                {
                  "title": "TC-010: Should sort products by price (high to low)",
                  "fullTitle": "SauceDemo Automation Tests Product Sorting Tests TC-010: Should sort products by price (high to low)",
                  "timedOut": false,
                  "duration": 1799,
                  "state": "passed",
                  "speed": "slow",
                  "pass": true,
                  "fail": false,
                  "pending": false,
                  "context": null,
                  "code": "await performLogin();\nawait selectSortOption(SELECTORS.sortOptions.priceHighLow);\nconst prices = await getProductPrices();\nconsole.log('Prices after sorting (high to low):', prices);\nconst expectedSortedPrices = [...prices].sort((a, b) => b - a);\nassert.deepStrictEqual(\n    prices,\n    expectedSortedPrices,\n    'Products should be sorted by price from high to low'\n);\nconsole.log('✓ Products successfully sorted by price (high to low)');",
                  "err": {},
                  "uuid": "2c9b460a-8e8f-4410-b552-a12651318534",
                  "parentUUID": "12729bfd-2eb3-417f-81bb-0e04c0eb4d87",
                  "isHook": false,
                  "skipped": false
                }
              ],
              "suites": [],
              "passes": [
                "e3266d0c-93d1-4433-be58-4e60ebc089b1",
                "931e22b6-e311-4e88-9f71-e8befdcbed2d",
                "13d96408-8947-4dad-b1cc-44c6cbeafb14",
                "2c9b460a-8e8f-4410-b552-a12651318534"
              ],
              "failures": [],
              "pending": [],
              "skipped": [],
              "duration": 7106,
              "root": false,
              "rootEmpty": false,
              "_timeout": 30000
            }
          ],
          "passes": [],
          "failures": [],
          "pending": [],
          "skipped": [],
          "duration": 0,
          "root": false,
          "rootEmpty": false,
          "_timeout": 30000
        }
      ],
      "passes": [],
      "failures": [],
      "pending": [],
      "skipped": [],
      "duration": 0,
      "root": true,
      "rootEmpty": true,
      "_timeout": 60000
    }
  ],
  "meta": {
    "mocha": {
      "version": "10.8.2"
    },
    "mochawesome": {
      "options": {
        "quiet": false,
        "reportFilename": "mochawesome",
        "saveHtml": true,
        "saveJson": true,
        "consoleReporter": "spec",
        "useInlineDiffs": false,
        "code": true
      },
      "version": "7.1.4"
    },
    "marge": {
      "options": null,
      "version": "6.3.0"
    }
  }
}