{
  "stats": {
    "suites": 4,
    "tests": 13,
    "passes": 13,
    "pending": 0,
    "failures": 0,
    "start": "2025-10-30T15:41:22.981Z",
    "end": "2025-10-30T15:41:47.689Z",
    "duration": 24708,
    "testsRegistered": 13,
    "passPercent": 100,
    "pendingPercent": 0,
    "other": 0,
    "hasOther": false,
    "skipped": 0,
    "hasSkipped": false
  },
  "results": [
    {
      "uuid": "ba9d25c7-0b9e-45dc-8bf7-af689a862482",
      "title": "",
      "fullFile": "W:\\BELAJAR QA\\digitalskola\\DigitalSkola---QA-Engineer\\pertemuan 11\\sesi-11\\test-saucedemo-pom.js",
      "file": "\\test-saucedemo-pom.js",
      "beforeHooks": [],
      "afterHooks": [],
      "tests": [],
      "suites": [
        {
          "uuid": "a6d21e9b-fc8d-4443-9a8f-ae7e884b7417",
          "title": "SauceDemo Automation Tests with POM",
          "fullFile": "W:\\BELAJAR QA\\digitalskola\\DigitalSkola---QA-Engineer\\pertemuan 11\\sesi-11\\test-saucedemo-pom.js",
          "file": "\\test-saucedemo-pom.js",
          "beforeHooks": [
            {
              "title": "\"before all\" hook in \"SauceDemo Automation Tests with POM\"",
              "fullTitle": "SauceDemo Automation Tests with POM \"before all\" hook in \"SauceDemo Automation Tests with POM\"",
              "timedOut": false,
              "duration": 16,
              "state": null,
              "speed": null,
              "pass": false,
              "fail": false,
              "pending": false,
              "context": null,
              "code": "console.log('\\n╔════════════════════════════════════════════════════════════╗');\nconsole.log('║       SauceDemo Automation Test Suite (POM) Starting...     ║');\nconsole.log('╚════════════════════════════════════════════════════════════╝');\nconsole.log(`Test Environment: ${TEST_CONFIG.baseUrl}`);\nconsole.log(`Browser: Chrome (Headless Mode)`);\nconsole.log(`Screenshot Directory: ${TEST_CONFIG.screenshotDir}`);\nconsole.log(`Start Time: ${new Date().toLocaleString()}\\n`);\n\nif (!fs.existsSync(TEST_CONFIG.screenshotDir)) {\n    fs.mkdirSync(TEST_CONFIG.screenshotDir, { recursive: true });\n    console.log('✓ Screenshot directory created\\n');\n}",
              "err": {},
              "uuid": "3c8323fc-04b2-428b-845f-31ae5e9fd56a",
              "parentUUID": "a6d21e9b-fc8d-4443-9a8f-ae7e884b7417",
              "isHook": true,
              "skipped": false
            },
            {
              "title": "\"before each\" hook in \"SauceDemo Automation Tests with POM\"",
              "fullTitle": "SauceDemo Automation Tests with POM \"before each\" hook in \"SauceDemo Automation Tests with POM\"",
              "timedOut": false,
              "duration": 793,
              "state": null,
              "speed": null,
              "pass": false,
              "fail": false,
              "pending": false,
              "context": null,
              "code": "const testName = this.currentTest.title;\nconsole.log(`Starting: ${testName}`);\nconst chromeDriverPath = require('chromedriver').path;\nprocess.env.PATH += path.delimiter + path.dirname(chromeDriverPath);\nconst options = new chrome.Options();\n// options.addArguments('--headless');\noptions.addArguments('--no-sandbox');\noptions.addArguments('--disable-dev-shm-usage');\noptions.addArguments('--disable-gpu');\noptions.addArguments('--window-size=1920,1080');\ndriver = await new Builder()\n    .forBrowser('chrome')\n    .setChromeOptions(options)\n    .build();\nawait driver.manage().setTimeouts({ implicit: 10000 });\n\nloginPage = new LoginPage(driver);\ninventoryPage = new InventoryPage(driver);\n\ntestResults.total++;",
              "err": {},
              "uuid": "247fba09-a7d6-4c3a-b0d9-c94a015636c7",
              "parentUUID": "a6d21e9b-fc8d-4443-9a8f-ae7e884b7417",
              "isHook": true,
              "skipped": false
            }
          ],
          "afterHooks": [
            {
              "title": "\"after all\" hook in \"SauceDemo Automation Tests with POM\"",
              "fullTitle": "SauceDemo Automation Tests with POM \"after all\" hook in \"SauceDemo Automation Tests with POM\"",
              "timedOut": false,
              "duration": 2,
              "state": null,
              "speed": null,
              "pass": false,
              "fail": false,
              "pending": false,
              "context": null,
              "code": "console.log('\\n╔════════════════════════════════════════════════════════════╗');\nconsole.log('║              Test Execution Summary                          ║');\nconsole.log('╚════════════════════════════════════════════════════════════╝');\nconsole.log(`Total Tests:  ${testResults.total}`);\nconsole.log(`✓ Passed:     ${testResults.passed}`);\nconsole.log(`✗ Failed:     ${testResults.failed}`);\nconsole.log(`Success Rate: ${((testResults.passed / testResults.total) * 100).toFixed(2)}%`);\nconsole.log(`End Time:     ${new Date().toLocaleString()}`);\nconsole.log('════════════════════════════════════════════════════════════\\n');",
              "err": {},
              "uuid": "a52a1b6f-5cd3-44dd-abba-562dae0842fa",
              "parentUUID": "a6d21e9b-fc8d-4443-9a8f-ae7e884b7417",
              "isHook": true,
              "skipped": false
            },
            {
              "title": "\"after each\" hook in \"SauceDemo Automation Tests with POM\"",
              "fullTitle": "SauceDemo Automation Tests with POM \"after each\" hook in \"SauceDemo Automation Tests with POM\"",
              "timedOut": false,
              "duration": 41,
              "state": null,
              "speed": null,
              "pass": false,
              "fail": false,
              "pending": false,
              "context": null,
              "code": "const testName = this.currentTest.title;\nconst testState = this.currentTest.state;\n\n// Take screenshot on failure\nif (testState === 'failed' && driver) {\n    const timestamp = new Date().toISOString().replace(/[:.]/g, '-');\n    const filename = `FAILED_${testName.replace(/[^a-zA-Z0-9]/g, '_')}_${timestamp}.png`;\n    try {\n        await loginPage.takeScreenshot(filename);\n        console.log(`  📸 Failure screenshot captured`);\n    } catch (error) {\n        console.log(`  ⚠ Failed to capture screenshot: ${error.message}`);\n    }\n}\n\nif (testState === 'passed') {\n    testResults.passed++;\n    console.log(`✓ PASSED: ${testName}`);\n} else if (testState === 'failed') {\n    testResults.failed++;\n    console.log(`✗ FAILED: ${testName}`);\n    if (this.currentTest.err) {\n        console.log(`  Error: ${this.currentTest.err.message}`);\n    }\n}\n\nif (driver) {\n    await driver.quit();\n}",
              "err": {},
              "uuid": "0dc9bc50-ee15-4bcd-8644-0403e6d80999",
              "parentUUID": "a6d21e9b-fc8d-4443-9a8f-ae7e884b7417",
              "isHook": true,
              "skipped": false
            }
          ],
          "tests": [],
          "suites": [
            {
              "uuid": "6ab3f64c-8f66-4fc0-877d-d2c4c9896675",
              "title": "Authentication Tests",
              "fullFile": "W:\\BELAJAR QA\\digitalskola\\DigitalSkola---QA-Engineer\\pertemuan 11\\sesi-11\\test-saucedemo-pom.js",
              "file": "\\test-saucedemo-pom.js",
              "beforeHooks": [],
              "afterHooks": [],
              "tests": [
                {
                  "title": "TC-001: Should successfully login with valid credentials",
                  "fullTitle": "SauceDemo Automation Tests with POM Authentication Tests TC-001: Should successfully login with valid credentials",
                  "timedOut": false,
                  "duration": 823,
                  "state": "passed",
                  "speed": "slow",
                  "pass": true,
                  "fail": false,
                  "pending": false,
                  "context": null,
                  "code": "await loginPage.navigate();\n\nconst pageTitle = await loginPage.getPageTitle();\nassert.strictEqual(pageTitle, 'Swag Labs', 'Page title should be \"Swag Labs\"');\nawait loginPage.login(TEST_CONFIG.credentials.username, TEST_CONFIG.credentials.password);\nawait inventoryPage.waitForPageLoad();\nconst isInventoryDisplayed = await inventoryPage.isInventoryDisplayed();\nassert.strictEqual(isInventoryDisplayed, true, 'Inventory container should be visible');\nconst logoText = await inventoryPage.getAppLogoText();\nassert.strictEqual(logoText, 'Swag Labs', 'App logo should display \"Swag Labs\"');\nconst isCartDisplayed = await inventoryPage.isCartIconDisplayed();\nassert.strictEqual(isCartDisplayed, true, 'Shopping cart icon should be visible');\nconsole.log('✓ Login successful with user:', TEST_CONFIG.credentials.username);",
                  "err": {},
                  "uuid": "d913e3a6-5b25-4ed2-a1d1-5f948137aae4",
                  "parentUUID": "6ab3f64c-8f66-4fc0-877d-d2c4c9896675",
                  "isHook": false,
                  "skipped": false
                },
                {
                  "title": "TC-002: Should fail to login with invalid username",
                  "fullTitle": "SauceDemo Automation Tests with POM Authentication Tests TC-002: Should fail to login with invalid username",
                  "timedOut": false,
                  "duration": 674,
                  "state": "passed",
                  "speed": "slow",
                  "pass": true,
                  "fail": false,
                  "pending": false,
                  "context": null,
                  "code": "await loginPage.navigate();\nawait loginPage.login('invalid_user', TEST_CONFIG.credentials.password);\nconst isErrorDisplayed = await loginPage.isErrorDisplayed();\nassert.strictEqual(isErrorDisplayed, true, 'Error message should be visible');\nconst errorText = await loginPage.getErrorMessage();\nassert.ok(\n    errorText.includes('Username and password do not match'),\n    'Error message should indicate invalid credentials'\n);\nconsole.log('✓ Login failed as expected with invalid username');\nconsole.log('  Error message:', errorText);",
                  "err": {},
                  "uuid": "5ece17ca-adde-4262-bb7e-c12bd63db1a3",
                  "parentUUID": "6ab3f64c-8f66-4fc0-877d-d2c4c9896675",
                  "isHook": false,
                  "skipped": false
                },
                {
                  "title": "TC-003: Should fail to login with invalid password",
                  "fullTitle": "SauceDemo Automation Tests with POM Authentication Tests TC-003: Should fail to login with invalid password",
                  "timedOut": false,
                  "duration": 802,
                  "state": "passed",
                  "speed": "slow",
                  "pass": true,
                  "fail": false,
                  "pending": false,
                  "context": null,
                  "code": "await loginPage.navigate();\nawait loginPage.login(TEST_CONFIG.credentials.username, 'wrong_password');\nconst isErrorDisplayed = await loginPage.isErrorDisplayed();\nassert.strictEqual(isErrorDisplayed, true, 'Error message should be visible');\nconst errorText = await loginPage.getErrorMessage();\nassert.ok(\n    errorText.includes('Username and password do not match'),\n    'Error message should indicate invalid credentials'\n);\nconsole.log('✓ Login failed as expected with invalid password');\nconsole.log('  Error message:', errorText);",
                  "err": {},
                  "uuid": "9816c311-721a-4305-a378-1d83826040db",
                  "parentUUID": "6ab3f64c-8f66-4fc0-877d-d2c4c9896675",
                  "isHook": false,
                  "skipped": false
                },
                {
                  "title": "TC-004: Should fail to login with empty credentials",
                  "fullTitle": "SauceDemo Automation Tests with POM Authentication Tests TC-004: Should fail to login with empty credentials",
                  "timedOut": false,
                  "duration": 498,
                  "state": "passed",
                  "speed": "slow",
                  "pass": true,
                  "fail": false,
                  "pending": false,
                  "context": null,
                  "code": "await loginPage.navigate();\nawait loginPage.clickLoginButton();\nconst isErrorDisplayed = await loginPage.isErrorDisplayed();\nassert.strictEqual(isErrorDisplayed, true, 'Error message should be visible');\nconst errorText = await loginPage.getErrorMessage();\nassert.ok(\n    errorText.includes('Username is required'),\n    'Error message should indicate username is required'\n);\nconsole.log('✓ Login failed as expected with empty credentials');\nconsole.log('  Error message:', errorText);",
                  "err": {},
                  "uuid": "f525b336-02b5-411a-8e72-c3185baab69c",
                  "parentUUID": "6ab3f64c-8f66-4fc0-877d-d2c4c9896675",
                  "isHook": false,
                  "skipped": false
                },
                {
                  "title": "TC-005: Should fail to login with empty password",
                  "fullTitle": "SauceDemo Automation Tests with POM Authentication Tests TC-005: Should fail to login with empty password",
                  "timedOut": false,
                  "duration": 651,
                  "state": "passed",
                  "speed": "slow",
                  "pass": true,
                  "fail": false,
                  "pending": false,
                  "context": null,
                  "code": "await loginPage.navigate();\nawait loginPage.enterUsername(TEST_CONFIG.credentials.username);\nawait loginPage.clickLoginButton();\nconst isErrorDisplayed = await loginPage.isErrorDisplayed();\nassert.strictEqual(isErrorDisplayed, true, 'Error message should be visible');\nconst errorText = await loginPage.getErrorMessage();\nassert.ok(\n    errorText.includes('Password is required'),\n    'Error message should indicate password is required'\n);\nconsole.log('✓ Login failed as expected with empty password');\nconsole.log('  Error message:', errorText);",
                  "err": {},
                  "uuid": "1ba30f0c-3a16-451a-8e5c-7762f94fc9fa",
                  "parentUUID": "6ab3f64c-8f66-4fc0-877d-d2c4c9896675",
                  "isHook": false,
                  "skipped": false
                },
                {
                  "title": "TC-006: Should fail to login with locked out user",
                  "fullTitle": "SauceDemo Automation Tests with POM Authentication Tests TC-006: Should fail to login with locked out user",
                  "timedOut": false,
                  "duration": 626,
                  "state": "passed",
                  "speed": "slow",
                  "pass": true,
                  "fail": false,
                  "pending": false,
                  "context": null,
                  "code": "await loginPage.navigate();\nawait loginPage.login('locked_out_user', TEST_CONFIG.credentials.password);\nconst isErrorDisplayed = await loginPage.isErrorDisplayed();\nassert.strictEqual(isErrorDisplayed, true, 'Error message should be visible');\nconst errorText = await loginPage.getErrorMessage();\nassert.ok(\n    errorText.includes('this user has been locked out'),\n    'Error message should indicate user is locked out'\n);\nconsole.log('✓ Login failed as expected with locked out user');\nconsole.log('  Error message:', errorText);",
                  "err": {},
                  "uuid": "66f02a5f-d74f-4da0-98f5-d04947b46b14",
                  "parentUUID": "6ab3f64c-8f66-4fc0-877d-d2c4c9896675",
                  "isHook": false,
                  "skipped": false
                }
              ],
              "suites": [],
              "passes": [
                "d913e3a6-5b25-4ed2-a1d1-5f948137aae4",
                "5ece17ca-adde-4262-bb7e-c12bd63db1a3",
                "9816c311-721a-4305-a378-1d83826040db",
                "f525b336-02b5-411a-8e72-c3185baab69c",
                "1ba30f0c-3a16-451a-8e5c-7762f94fc9fa",
                "66f02a5f-d74f-4da0-98f5-d04947b46b14"
              ],
              "failures": [],
              "pending": [],
              "skipped": [],
              "duration": 4074,
              "root": false,
              "rootEmpty": false,
              "_timeout": 30000
            },
            {
              "uuid": "49b738ec-564a-4e84-bcaf-90e82d816e71",
              "title": "Product Sorting Tests",
              "fullFile": "W:\\BELAJAR QA\\digitalskola\\DigitalSkola---QA-Engineer\\pertemuan 11\\sesi-11\\test-saucedemo-pom.js",
              "file": "\\test-saucedemo-pom.js",
              "beforeHooks": [
                {
                  "title": "\"before each\" hook in \"Product Sorting Tests\"",
                  "fullTitle": "SauceDemo Automation Tests with POM Product Sorting Tests \"before each\" hook in \"Product Sorting Tests\"",
                  "timedOut": false,
                  "duration": 644,
                  "state": null,
                  "speed": null,
                  "pass": false,
                  "fail": false,
                  "pending": false,
                  "context": null,
                  "code": "await loginPage.navigate();\nawait loginPage.login(TEST_CONFIG.credentials.username, TEST_CONFIG.credentials.password);\nawait inventoryPage.waitForPageLoad();",
                  "err": {},
                  "uuid": "877a38ff-8a61-49b2-a9e3-f732c8bc7a28",
                  "parentUUID": "49b738ec-564a-4e84-bcaf-90e82d816e71",
                  "isHook": true,
                  "skipped": false
                }
              ],
              "afterHooks": [],
              "tests": [
                {
                  "title": "TC-007: Should sort products from A to Z",
                  "fullTitle": "SauceDemo Automation Tests with POM Product Sorting Tests TC-007: Should sort products from A to Z",
                  "timedOut": false,
                  "duration": 1220,
                  "state": "passed",
                  "speed": "slow",
                  "pass": true,
                  "fail": false,
                  "pending": false,
                  "context": null,
                  "code": "const productsBefore = await inventoryPage.getProductNames();\nconsole.log('Products before sorting:', productsBefore);\nawait inventoryPage.selectSortOption('az');\nconst productsAfter = await inventoryPage.getProductNames();\nconsole.log('Products after sorting (A-Z):', productsAfter);\nconst expectedSortedProducts = [...productsAfter].sort();\nassert.deepStrictEqual(\n    productsAfter,\n    expectedSortedProducts,\n    'Products should be sorted alphabetically from A to Z'\n);\nassert.strictEqual(\n    productsAfter[0],\n    'Sauce Labs Backpack',\n    'First product should be \"Sauce Labs Backpack\"'\n);\nconsole.log('✓ Products successfully sorted from A to Z');",
                  "err": {},
                  "uuid": "7f5d2f3e-8a69-40e8-ab23-af41377ed1dd",
                  "parentUUID": "49b738ec-564a-4e84-bcaf-90e82d816e71",
                  "isHook": false,
                  "skipped": false
                },
                {
                  "title": "TC-008: Should sort products from Z to A",
                  "fullTitle": "SauceDemo Automation Tests with POM Product Sorting Tests TC-008: Should sort products from Z to A",
                  "timedOut": false,
                  "duration": 1149,
                  "state": "passed",
                  "speed": "slow",
                  "pass": true,
                  "fail": false,
                  "pending": false,
                  "context": null,
                  "code": "await inventoryPage.selectSortOption('za');\nconst products = await inventoryPage.getProductNames();\nconsole.log('Products after sorting (Z-A):', products);\nconst expectedSortedProducts = [...products].sort().reverse();\nassert.deepStrictEqual(\n    products,\n    expectedSortedProducts,\n    'Products should be sorted alphabetically from Z to A'\n);\nconsole.log('✓ Products successfully sorted from Z to A');",
                  "err": {},
                  "uuid": "a3420f79-2ef5-41e5-b69f-3ffca2d2a5a1",
                  "parentUUID": "49b738ec-564a-4e84-bcaf-90e82d816e71",
                  "isHook": false,
                  "skipped": false
                },
                {
                  "title": "TC-009: Should sort products by price (low to high)",
                  "fullTitle": "SauceDemo Automation Tests with POM Product Sorting Tests TC-009: Should sort products by price (low to high)",
                  "timedOut": false,
                  "duration": 1151,
                  "state": "passed",
                  "speed": "slow",
                  "pass": true,
                  "fail": false,
                  "pending": false,
                  "context": null,
                  "code": "await inventoryPage.selectSortOption('lohi');\nconst prices = await inventoryPage.getProductPrices();\nconsole.log('Prices after sorting (low to high):', prices);\nconst expectedSortedPrices = [...prices].sort((a, b) => a - b);\nassert.deepStrictEqual(\n    prices,\n    expectedSortedPrices,\n    'Products should be sorted by price from low to high'\n);\nconsole.log('✓ Products successfully sorted by price (low to high)');",
                  "err": {},
                  "uuid": "a341eb6d-fbcb-47a6-8b74-12a06e74b8be",
                  "parentUUID": "49b738ec-564a-4e84-bcaf-90e82d816e71",
                  "isHook": false,
                  "skipped": false
                },
                {
                  "title": "TC-010: Should sort products by price (high to low)",
                  "fullTitle": "SauceDemo Automation Tests with POM Product Sorting Tests TC-010: Should sort products by price (high to low)",
                  "timedOut": false,
                  "duration": 1139,
                  "state": "passed",
                  "speed": "slow",
                  "pass": true,
                  "fail": false,
                  "pending": false,
                  "context": null,
                  "code": "await inventoryPage.selectSortOption('hilo');\nconst prices = await inventoryPage.getProductPrices();\nconsole.log('Prices after sorting (high to low):', prices);\nconst expectedSortedPrices = [...prices].sort((a, b) => b - a);\nassert.deepStrictEqual(\n    prices,\n    expectedSortedPrices,\n    'Products should be sorted by price from high to low'\n);\nconsole.log('✓ Products successfully sorted by price (high to low)');",
                  "err": {},
                  "uuid": "99e889d1-cad0-4021-bb02-26c7ce8f28e8",
                  "parentUUID": "49b738ec-564a-4e84-bcaf-90e82d816e71",
                  "isHook": false,
                  "skipped": false
                }
              ],
              "suites": [],
              "passes": [
                "7f5d2f3e-8a69-40e8-ab23-af41377ed1dd",
                "a3420f79-2ef5-41e5-b69f-3ffca2d2a5a1",
                "a341eb6d-fbcb-47a6-8b74-12a06e74b8be",
                "99e889d1-cad0-4021-bb02-26c7ce8f28e8"
              ],
              "failures": [],
              "pending": [],
              "skipped": [],
              "duration": 4659,
              "root": false,
              "rootEmpty": false,
              "_timeout": 30000
            },
            {
              "uuid": "9a536552-1f3e-47b4-b620-e4fcf136d2c5",
              "title": "Visual Testing",
              "fullFile": "W:\\BELAJAR QA\\digitalskola\\DigitalSkola---QA-Engineer\\pertemuan 11\\sesi-11\\test-saucedemo-pom.js",
              "file": "\\test-saucedemo-pom.js",
              "beforeHooks": [],
              "afterHooks": [],
              "tests": [
                {
                  "title": "TC-011: Should perform visual test on Login Page",
                  "fullTitle": "SauceDemo Automation Tests with POM Visual Testing TC-011: Should perform visual test on Login Page",
                  "timedOut": false,
                  "duration": 586,
                  "state": "passed",
                  "speed": "slow",
                  "pass": true,
                  "fail": false,
                  "pending": false,
                  "context": null,
                  "code": "await loginPage.navigate();\n\nconst timestamp = new Date().toISOString().replace(/[:.]/g, '-');\nconst filename = `visual-test-login-page-${timestamp}.png`;\n\nawait loginPage.takeScreenshot(filename);\n\nconst pageTitle = await loginPage.getPageTitle();\nassert.strictEqual(pageTitle, 'Swag Labs', 'Page title should be \"Swag Labs\"');\n\nconst isUsernameFieldPresent = await loginPage.driver.findElement(\n    require('selenium-webdriver').By.css('[data-test=\"username\"]')\n);\nconst isPasswordFieldPresent = await loginPage.driver.findElement(\n    require('selenium-webdriver').By.css('[data-test=\"password\"]')\n);\nconst isLoginButtonPresent = await loginPage.driver.findElement(\n    require('selenium-webdriver').By.css('[data-test=\"login-button\"]')\n);\n\nassert.ok(isUsernameFieldPresent, 'Username field should be present');\nassert.ok(isPasswordFieldPresent, 'Password field should be present');\nassert.ok(isLoginButtonPresent, 'Login button should be present');\n\nconsole.log('✓ Login page visual test completed');\nconsole.log(`  📸 Screenshot saved: ${filename}`);",
                  "err": {},
                  "uuid": "1e0197ce-f768-40a4-a1ff-6732a8e65301",
                  "parentUUID": "9a536552-1f3e-47b4-b620-e4fcf136d2c5",
                  "isHook": false,
                  "skipped": false
                },
                {
                  "title": "TC-012: Should perform visual test on Inventory Page",
                  "fullTitle": "SauceDemo Automation Tests with POM Visual Testing TC-012: Should perform visual test on Inventory Page",
                  "timedOut": false,
                  "duration": 972,
                  "state": "passed",
                  "speed": "slow",
                  "pass": true,
                  "fail": false,
                  "pending": false,
                  "context": null,
                  "code": "await loginPage.navigate();\nawait loginPage.login(TEST_CONFIG.credentials.username, TEST_CONFIG.credentials.password);\nawait inventoryPage.waitForPageLoad();\n\nconst timestamp = new Date().toISOString().replace(/[:.]/g, '-');\nconst filename = `visual-test-inventory-page-${timestamp}.png`;\n\nawait inventoryPage.takeScreenshot(filename);\n\nconst elements = await inventoryPage.getPageElementsForVisualTest();\n\nassert.strictEqual(elements.appLogo, true, 'App logo should be present');\nassert.strictEqual(elements.cartIcon, true, 'Cart icon should be present');\nassert.strictEqual(elements.sortDropdown, true, 'Sort dropdown should be present');\nassert.strictEqual(elements.burgerMenu, true, 'Burger menu should be present');\nassert.ok(elements.productCount > 0, 'Products should be displayed');\n\nconsole.log('✓ Inventory page visual test completed');\nconsole.log(`  📸 Screenshot saved: ${filename}`);\nconsole.log(`  Found ${elements.productCount} products on the page`);",
                  "err": {},
                  "uuid": "dbbdc6ae-edc9-46c4-b95a-6bd587c4d664",
                  "parentUUID": "9a536552-1f3e-47b4-b620-e4fcf136d2c5",
                  "isHook": false,
                  "skipped": false
                },
                {
                  "title": "TC-013: Should perform visual test on Inventory Page with Product Added",
                  "fullTitle": "SauceDemo Automation Tests with POM Visual Testing TC-013: Should perform visual test on Inventory Page with Product Added",
                  "timedOut": false,
                  "duration": 1429,
                  "state": "passed",
                  "speed": "slow",
                  "pass": true,
                  "fail": false,
                  "pending": false,
                  "context": null,
                  "code": "await loginPage.navigate();\nawait loginPage.login(TEST_CONFIG.credentials.username, TEST_CONFIG.credentials.password);\nawait inventoryPage.waitForPageLoad();\nconst productAdded = await inventoryPage.addProductToCart('Sauce Labs Backpack');\nassert.strictEqual(productAdded, true, 'Product should be added to cart');\n\nawait driver.sleep(500);\n\nconst timestamp = new Date().toISOString().replace(/[:.]/g, '-');\nconst filename = `visual-test-inventory-with-cart-item-${timestamp}.png`;\n\nawait inventoryPage.takeScreenshot(filename);\n\nconst cartCount = await inventoryPage.getCartItemCount();\nassert.strictEqual(cartCount, 1, 'Cart should contain 1 item');\n\nconsole.log('✓ Inventory page with cart item visual test completed');\nconsole.log(`  📸 Screenshot saved: ${filename}`);\nconsole.log(`  Cart contains ${cartCount} item(s)`);",
                  "err": {},
                  "uuid": "3548c222-b328-47a5-ad3e-628dc73d694a",
                  "parentUUID": "9a536552-1f3e-47b4-b620-e4fcf136d2c5",
                  "isHook": false,
                  "skipped": false
                }
              ],
              "suites": [],
              "passes": [
                "1e0197ce-f768-40a4-a1ff-6732a8e65301",
                "dbbdc6ae-edc9-46c4-b95a-6bd587c4d664",
                "3548c222-b328-47a5-ad3e-628dc73d694a"
              ],
              "failures": [],
              "pending": [],
              "skipped": [],
              "duration": 2987,
              "root": false,
              "rootEmpty": false,
              "_timeout": 30000
            }
          ],
          "passes": [],
          "failures": [],
          "pending": [],
          "skipped": [],
          "duration": 0,
          "root": false,
          "rootEmpty": false,
          "_timeout": 30000
        }
      ],
      "passes": [],
      "failures": [],
      "pending": [],
      "skipped": [],
      "duration": 0,
      "root": true,
      "rootEmpty": true,
      "_timeout": 60000
    }
  ],
  "meta": {
    "mocha": {
      "version": "10.8.2"
    },
    "mochawesome": {
      "options": {
        "quiet": false,
        "reportFilename": "mochawesome",
        "saveHtml": true,
        "saveJson": true,
        "consoleReporter": "spec",
        "useInlineDiffs": false,
        "code": true
      },
      "version": "7.1.4"
    },
    "marge": {
      "options": null,
      "version": "6.3.0"
    }
  }
}