{
  "stats": {
    "suites": 3,
    "tests": 10,
    "passes": 10,
    "pending": 0,
    "failures": 0,
    "start": "2025-10-25T13:11:35.966Z",
    "end": "2025-10-25T13:11:53.753Z",
    "duration": 17787,
    "testsRegistered": 10,
    "passPercent": 100,
    "pendingPercent": 0,
    "other": 0,
    "hasOther": false,
    "skipped": 0,
    "hasSkipped": false
  },
  "results": [
    {
      "uuid": "0384bd77-d001-43bf-94f8-52df9992ff62",
      "title": "",
      "fullFile": "W:\\BELAJAR QA\\digitalskola\\DigitalSkola---QA-Engineer\\pertemuan 9\\tests\\test_sesi9.js",
      "file": "\\tests\\test_sesi9.js",
      "beforeHooks": [],
      "afterHooks": [],
      "tests": [],
      "suites": [
        {
          "uuid": "65243e21-aaec-4249-b99b-516a81235c0d",
          "title": "SauceDemo Automation Tests",
          "fullFile": "W:\\BELAJAR QA\\digitalskola\\DigitalSkola---QA-Engineer\\pertemuan 9\\tests\\test_sesi9.js",
          "file": "\\tests\\test_sesi9.js",
          "beforeHooks": [
            {
              "title": "\"before each\" hook in \"SauceDemo Automation Tests\"",
              "fullTitle": "SauceDemo Automation Tests \"before each\" hook in \"SauceDemo Automation Tests\"",
              "timedOut": false,
              "duration": 668,
              "state": null,
              "speed": null,
              "pass": false,
              "fail": false,
              "pending": false,
              "context": null,
              "code": "const options = new chrome.Options();\noptions.addArguments('--headless');\noptions.addArguments('--no-sandbox');\noptions.addArguments('--disable-dev-shm-usage');\noptions.addArguments('--disable-gpu');\noptions.addArguments('--window-size=1920,1080');\n\ndriver = await new Builder()\n    .forBrowser('chrome')\n    .setChromeOptions(options)\n    .build();\n\nawait driver.manage().setTimeouts({ implicit: TEST_CONFIG.timeouts.implicit });",
              "err": {},
              "uuid": "9d5c9dbd-94a3-465e-9be6-de2d66717f30",
              "parentUUID": "65243e21-aaec-4249-b99b-516a81235c0d",
              "isHook": true,
              "skipped": false
            }
          ],
          "afterHooks": [
            {
              "title": "\"after each\" hook in \"SauceDemo Automation Tests\"",
              "fullTitle": "SauceDemo Automation Tests \"after each\" hook in \"SauceDemo Automation Tests\"",
              "timedOut": false,
              "duration": 34,
              "state": null,
              "speed": null,
              "pass": false,
              "fail": false,
              "pending": false,
              "context": null,
              "code": "if (driver) {\n    await driver.quit();\n}",
              "err": {},
              "uuid": "4560b905-e92c-44d4-aafc-3d2f69bbdc60",
              "parentUUID": "65243e21-aaec-4249-b99b-516a81235c0d",
              "isHook": true,
              "skipped": false
            }
          ],
          "tests": [],
          "suites": [
            {
              "uuid": "8f77dda9-e631-494c-a79d-f2be1fb3f8e6",
              "title": "Authentication Tests",
              "fullFile": "W:\\BELAJAR QA\\digitalskola\\DigitalSkola---QA-Engineer\\pertemuan 9\\tests\\test_sesi9.js",
              "file": "\\tests\\test_sesi9.js",
              "beforeHooks": [],
              "afterHooks": [],
              "tests": [
                {
                  "title": "TC-001: Should successfully login with valid credentials",
                  "fullTitle": "SauceDemo Automation Tests Authentication Tests TC-001: Should successfully login with valid credentials",
                  "timedOut": false,
                  "duration": 614,
                  "state": "passed",
                  "speed": "slow",
                  "pass": true,
                  "fail": false,
                  "pending": false,
                  "context": null,
                  "code": "await driver.get(TEST_CONFIG.baseUrl);\n\nconst pageTitle = await driver.getTitle();\nassert.strictEqual(pageTitle, 'Swag Labs', 'Page title should be \"Swag Labs\"');\nconst usernameField = await driver.findElement(By.css(SELECTORS.login.username));\nconst passwordField = await driver.findElement(By.css(SELECTORS.login.password));\nconst loginButton = await driver.findElement(By.css(SELECTORS.login.loginButton));\nawait usernameField.sendKeys(TEST_CONFIG.credentials.username);\nawait passwordField.sendKeys(TEST_CONFIG.credentials.password);\nawait loginButton.click();\nconst inventoryContainer = await driver.wait(\n    until.elementLocated(By.css(SELECTORS.inventory.container)),\n    TEST_CONFIG.timeouts.explicit,\n    'Inventory page should be displayed after successful login'\n);\nconst isInventoryDisplayed = await inventoryContainer.isDisplayed();\nassert.strictEqual(isInventoryDisplayed, true, 'Inventory container should be visible');\nconst appLogo = await driver.findElement(By.css(SELECTORS.inventory.appLogo));\nconst logoText = await appLogo.getText();\nassert.strictEqual(logoText, 'Swag Labs', 'App logo should display \"Swag Labs\"');\nconst cartIcon = await driver.findElement(By.css(SELECTORS.inventory.cartIcon));\nconst isCartDisplayed = await cartIcon.isDisplayed();\nassert.strictEqual(isCartDisplayed, true, 'Shopping cart icon should be visible');\nconsole.log('Login successful with user:', TEST_CONFIG.credentials.username);",
                  "err": {},
                  "uuid": "e82a8f97-dbb6-458e-8273-cb7f69dc1d9c",
                  "parentUUID": "8f77dda9-e631-494c-a79d-f2be1fb3f8e6",
                  "isHook": false,
                  "skipped": false
                },
                {
                  "title": "TC-002: Should fail to login with invalid username",
                  "fullTitle": "SauceDemo Automation Tests Authentication Tests TC-002: Should fail to login with invalid username",
                  "timedOut": false,
                  "duration": 639,
                  "state": "passed",
                  "speed": "slow",
                  "pass": true,
                  "fail": false,
                  "pending": false,
                  "context": null,
                  "code": "await driver.get(TEST_CONFIG.baseUrl);\nconst usernameField = await driver.findElement(By.css(SELECTORS.login.username));\nconst passwordField = await driver.findElement(By.css(SELECTORS.login.password));\nconst loginButton = await driver.findElement(By.css(SELECTORS.login.loginButton));\nawait usernameField.sendKeys('invalid_user');\nawait passwordField.sendKeys(TEST_CONFIG.credentials.password);\nawait loginButton.click();\nconst errorMessage = await driver.wait(\n    until.elementLocated(By.css('[data-test=\"error\"]')),\n    TEST_CONFIG.timeouts.explicit,\n    'Error message should be displayed'\n);\nconst isErrorDisplayed = await errorMessage.isDisplayed();\nassert.strictEqual(isErrorDisplayed, true, 'Error message should be visible');\nconst errorText = await errorMessage.getText();\nassert.ok(\n    errorText.includes('Username and password do not match'),\n    'Error message should indicate invalid credentials'\n);\nconst loginFormExists = await driver.findElements(By.css(SELECTORS.login.username));\nassert.strictEqual(\n    loginFormExists.length > 0,\n    true,\n    'User should remain on login page'\n);\nconsole.log('Login failed as expected with invalid username');\nconsole.log('Error message:', errorText);",
                  "err": {},
                  "uuid": "c75d9668-526b-4e70-97bc-3d0eb7246527",
                  "parentUUID": "8f77dda9-e631-494c-a79d-f2be1fb3f8e6",
                  "isHook": false,
                  "skipped": false
                },
                {
                  "title": "TC-003: Should fail to login with invalid password",
                  "fullTitle": "SauceDemo Automation Tests Authentication Tests TC-003: Should fail to login with invalid password",
                  "timedOut": false,
                  "duration": 544,
                  "state": "passed",
                  "speed": "slow",
                  "pass": true,
                  "fail": false,
                  "pending": false,
                  "context": null,
                  "code": "await driver.get(TEST_CONFIG.baseUrl);\nconst usernameField = await driver.findElement(By.css(SELECTORS.login.username));\nconst passwordField = await driver.findElement(By.css(SELECTORS.login.password));\nconst loginButton = await driver.findElement(By.css(SELECTORS.login.loginButton));\nawait usernameField.sendKeys(TEST_CONFIG.credentials.username);\nawait passwordField.sendKeys('wrong_password');\nawait loginButton.click();\nconst errorMessage = await driver.wait(\n    until.elementLocated(By.css('[data-test=\"error\"]')),\n    TEST_CONFIG.timeouts.explicit,\n    'Error message should be displayed'\n);\nconst isErrorDisplayed = await errorMessage.isDisplayed();\nassert.strictEqual(isErrorDisplayed, true, 'Error message should be visible');\nconst errorText = await errorMessage.getText();\nassert.ok(\n    errorText.includes('Username and password do not match'),\n    'Error message should indicate invalid credentials'\n);\nconsole.log('Login failed as expected with invalid password');\nconsole.log('Error message:', errorText);",
                  "err": {},
                  "uuid": "8e946966-0e2c-45be-abfc-9b57381665bd",
                  "parentUUID": "8f77dda9-e631-494c-a79d-f2be1fb3f8e6",
                  "isHook": false,
                  "skipped": false
                },
                {
                  "title": "TC-004: Should fail to login with empty credentials",
                  "fullTitle": "SauceDemo Automation Tests Authentication Tests TC-004: Should fail to login with empty credentials",
                  "timedOut": false,
                  "duration": 441,
                  "state": "passed",
                  "speed": "slow",
                  "pass": true,
                  "fail": false,
                  "pending": false,
                  "context": null,
                  "code": "await driver.get(TEST_CONFIG.baseUrl);\nconst loginButton = await driver.findElement(By.css(SELECTORS.login.loginButton));\nawait loginButton.click();\nconst errorMessage = await driver.wait(\n    until.elementLocated(By.css('[data-test=\"error\"]')),\n    TEST_CONFIG.timeouts.explicit,\n    'Error message should be displayed'\n);\nconst isErrorDisplayed = await errorMessage.isDisplayed();\nassert.strictEqual(isErrorDisplayed, true, 'Error message should be visible');\nconst errorText = await errorMessage.getText();\nassert.ok(\n    errorText.includes('Username is required'),\n    'Error message should indicate username is required'\n);\nconsole.log('Login failed as expected with empty credentials');\nconsole.log('  Error message:', errorText);",
                  "err": {},
                  "uuid": "08494048-c4e7-4f34-83f4-5190b3683bba",
                  "parentUUID": "8f77dda9-e631-494c-a79d-f2be1fb3f8e6",
                  "isHook": false,
                  "skipped": false
                },
                {
                  "title": "TC-005: Should fail to login with empty password",
                  "fullTitle": "SauceDemo Automation Tests Authentication Tests TC-005: Should fail to login with empty password",
                  "timedOut": false,
                  "duration": 488,
                  "state": "passed",
                  "speed": "slow",
                  "pass": true,
                  "fail": false,
                  "pending": false,
                  "context": null,
                  "code": "await driver.get(TEST_CONFIG.baseUrl);\nconst usernameField = await driver.findElement(By.css(SELECTORS.login.username));\nconst loginButton = await driver.findElement(By.css(SELECTORS.login.loginButton));\nawait usernameField.sendKeys(TEST_CONFIG.credentials.username);\nawait loginButton.click();\nconst errorMessage = await driver.wait(\n    until.elementLocated(By.css('[data-test=\"error\"]')),\n    TEST_CONFIG.timeouts.explicit,\n    'Error message should be displayed'\n);\nconst isErrorDisplayed = await errorMessage.isDisplayed();\nassert.strictEqual(isErrorDisplayed, true, 'Error message should be visible');\nconst errorText = await errorMessage.getText();\nassert.ok(\n    errorText.includes('Password is required'),\n    'Error message should indicate password is required'\n);\nconsole.log('Login failed as expected with empty password');\nconsole.log('  Error message:', errorText);",
                  "err": {},
                  "uuid": "b4fbd224-46d4-4287-bc97-187a825a9c3a",
                  "parentUUID": "8f77dda9-e631-494c-a79d-f2be1fb3f8e6",
                  "isHook": false,
                  "skipped": false
                },
                {
                  "title": "TC-006: Should fail to login with locked out user",
                  "fullTitle": "SauceDemo Automation Tests Authentication Tests TC-006: Should fail to login with locked out user",
                  "timedOut": false,
                  "duration": 619,
                  "state": "passed",
                  "speed": "slow",
                  "pass": true,
                  "fail": false,
                  "pending": false,
                  "context": null,
                  "code": "await driver.get(TEST_CONFIG.baseUrl);\nconst usernameField = await driver.findElement(By.css(SELECTORS.login.username));\nconst passwordField = await driver.findElement(By.css(SELECTORS.login.password));\nconst loginButton = await driver.findElement(By.css(SELECTORS.login.loginButton));\nawait usernameField.sendKeys('locked_out_user');\nawait passwordField.sendKeys(TEST_CONFIG.credentials.password);\nawait loginButton.click();\nconst errorMessage = await driver.wait(\n    until.elementLocated(By.css('[data-test=\"error\"]')),\n    TEST_CONFIG.timeouts.explicit,\n    'Error message should be displayed'\n);\nconst isErrorDisplayed = await errorMessage.isDisplayed();\nassert.strictEqual(isErrorDisplayed, true, 'Error message should be visible');\nconst errorText = await errorMessage.getText();\nassert.ok(\n    errorText.includes('this user has been locked out'),\n    'Error message should indicate user is locked out'\n);\nconsole.log('Login failed as expected with locked out user');\nconsole.log('Error message:', errorText);",
                  "err": {},
                  "uuid": "25cd7125-fce5-4d67-95d5-f209ef8c5657",
                  "parentUUID": "8f77dda9-e631-494c-a79d-f2be1fb3f8e6",
                  "isHook": false,
                  "skipped": false
                }
              ],
              "suites": [],
              "passes": [
                "e82a8f97-dbb6-458e-8273-cb7f69dc1d9c",
                "c75d9668-526b-4e70-97bc-3d0eb7246527",
                "8e946966-0e2c-45be-abfc-9b57381665bd",
                "08494048-c4e7-4f34-83f4-5190b3683bba",
                "b4fbd224-46d4-4287-bc97-187a825a9c3a",
                "25cd7125-fce5-4d67-95d5-f209ef8c5657"
              ],
              "failures": [],
              "pending": [],
              "skipped": [],
              "duration": 3345,
              "root": false,
              "rootEmpty": false,
              "_timeout": 30000
            },
            {
              "uuid": "c42518a8-5bdb-4b9e-9a26-b6151763a90d",
              "title": "Product Sorting Tests",
              "fullFile": "W:\\BELAJAR QA\\digitalskola\\DigitalSkola---QA-Engineer\\pertemuan 9\\tests\\test_sesi9.js",
              "file": "\\tests\\test_sesi9.js",
              "beforeHooks": [],
              "afterHooks": [],
              "tests": [
                {
                  "title": "TC-007: Should sort products from A to Z",
                  "fullTitle": "SauceDemo Automation Tests Product Sorting Tests TC-007: Should sort products from A to Z",
                  "timedOut": false,
                  "duration": 1748,
                  "state": "passed",
                  "speed": "slow",
                  "pass": true,
                  "fail": false,
                  "pending": false,
                  "context": null,
                  "code": "await performLogin();\nconst productsBefore = await getProductNames();\nconsole.log('Products before sorting:', productsBefore);\nawait selectSortOption(SELECTORS.sortOptions.nameAZ);\nconst productsAfter = await getProductNames();\nconsole.log('Products after sorting (A-Z):', productsAfter);\nconst expectedSortedProducts = [...productsAfter].sort();\nassert.deepStrictEqual(\n    productsAfter,\n    expectedSortedProducts,\n    'Products should be sorted alphabetically from A to Z'\n);\nassert.strictEqual(\n    productsAfter[0],\n    'Sauce Labs Backpack',\n    'First product should be \"Sauce Labs Backpack\"'\n);\nconsole.log('Products successfully sorted from A to Z');",
                  "err": {},
                  "uuid": "c22ce663-012f-458f-a676-e5efb80e3fa8",
                  "parentUUID": "c42518a8-5bdb-4b9e-9a26-b6151763a90d",
                  "isHook": false,
                  "skipped": false
                },
                {
                  "title": "TC-008: Should sort products from Z to A",
                  "fullTitle": "SauceDemo Automation Tests Product Sorting Tests TC-008: Should sort products from Z to A",
                  "timedOut": false,
                  "duration": 1702,
                  "state": "passed",
                  "speed": "slow",
                  "pass": true,
                  "fail": false,
                  "pending": false,
                  "context": null,
                  "code": "await performLogin();\nawait selectSortOption(SELECTORS.sortOptions.nameZA);\nconst products = await getProductNames();\nconsole.log('Products after sorting (Z-A):', products);\nconst expectedSortedProducts = [...products].sort().reverse();\nassert.deepStrictEqual(\n    products,\n    expectedSortedProducts,\n    'Products should be sorted alphabetically from Z to A'\n);\nconsole.log('Products successfully sorted from Z to A');",
                  "err": {},
                  "uuid": "bc36f6c0-bb11-4126-a83a-8c8d567ece75",
                  "parentUUID": "c42518a8-5bdb-4b9e-9a26-b6151763a90d",
                  "isHook": false,
                  "skipped": false
                },
                {
                  "title": "TC-009: Should sort products by price (low to high)",
                  "fullTitle": "SauceDemo Automation Tests Product Sorting Tests TC-009: Should sort products by price (low to high)",
                  "timedOut": false,
                  "duration": 1762,
                  "state": "passed",
                  "speed": "slow",
                  "pass": true,
                  "fail": false,
                  "pending": false,
                  "context": null,
                  "code": "await performLogin();\nawait selectSortOption(SELECTORS.sortOptions.priceLowHigh);\nconst prices = await getProductPrices();\nconsole.log('Prices after sorting (low to high):', prices);\nconst expectedSortedPrices = [...prices].sort((a, b) => a - b);\nassert.deepStrictEqual(\n    prices,\n    expectedSortedPrices,\n    'Products should be sorted by price from low to high'\n);\nconsole.log('Products successfully sorted by price (low to high)');",
                  "err": {},
                  "uuid": "c34a9ea1-37bb-4398-883b-c2bb34d9f962",
                  "parentUUID": "c42518a8-5bdb-4b9e-9a26-b6151763a90d",
                  "isHook": false,
                  "skipped": false
                },
                {
                  "title": "TC-010: Should sort products by price (high to low)",
                  "fullTitle": "SauceDemo Automation Tests Product Sorting Tests TC-010: Should sort products by price (high to low)",
                  "timedOut": false,
                  "duration": 1648,
                  "state": "passed",
                  "speed": "slow",
                  "pass": true,
                  "fail": false,
                  "pending": false,
                  "context": null,
                  "code": "await performLogin();\nawait selectSortOption(SELECTORS.sortOptions.priceHighLow);\nconst prices = await getProductPrices();\nconsole.log('Prices after sorting (high to low):', prices);\nconst expectedSortedPrices = [...prices].sort((a, b) => b - a);\nassert.deepStrictEqual(\n    prices,\n    expectedSortedPrices,\n    'Products should be sorted by price from high to low'\n);\nconsole.log('Products successfully sorted by price (high to low)');",
                  "err": {},
                  "uuid": "d139f041-845f-4df2-b67d-a9ad23b6adc3",
                  "parentUUID": "c42518a8-5bdb-4b9e-9a26-b6151763a90d",
                  "isHook": false,
                  "skipped": false
                }
              ],
              "suites": [],
              "passes": [
                "c22ce663-012f-458f-a676-e5efb80e3fa8",
                "bc36f6c0-bb11-4126-a83a-8c8d567ece75",
                "c34a9ea1-37bb-4398-883b-c2bb34d9f962",
                "d139f041-845f-4df2-b67d-a9ad23b6adc3"
              ],
              "failures": [],
              "pending": [],
              "skipped": [],
              "duration": 6860,
              "root": false,
              "rootEmpty": false,
              "_timeout": 30000
            }
          ],
          "passes": [],
          "failures": [],
          "pending": [],
          "skipped": [],
          "duration": 0,
          "root": false,
          "rootEmpty": false,
          "_timeout": 30000
        }
      ],
      "passes": [],
      "failures": [],
      "pending": [],
      "skipped": [],
      "duration": 0,
      "root": true,
      "rootEmpty": true,
      "_timeout": 60000
    }
  ],
  "meta": {
    "mocha": {
      "version": "10.8.2"
    },
    "mochawesome": {
      "options": {
        "quiet": false,
        "reportFilename": "mochawesome",
        "saveHtml": true,
        "saveJson": true,
        "consoleReporter": "spec",
        "useInlineDiffs": false,
        "code": true
      },
      "version": "7.1.4"
    },
    "marge": {
      "options": null,
      "version": "6.3.0"
    }
  }
}