{
  "stats": {
    "suites": 3,
    "tests": 10,
    "passes": 10,
    "pending": 0,
    "failures": 0,
    "start": "2025-10-25T13:22:44.409Z",
    "end": "2025-10-25T13:23:03.090Z",
    "duration": 18681,
    "testsRegistered": 10,
    "passPercent": 100,
    "pendingPercent": 0,
    "other": 0,
    "hasOther": false,
    "skipped": 0,
    "hasSkipped": false
  },
  "results": [
    {
      "uuid": "fd34d311-7423-4b80-8883-003b6923cdf3",
      "title": "",
      "fullFile": "W:\\BELAJAR QA\\digitalskola\\DigitalSkola---QA-Engineer\\pertemuan 9\\tests\\test_sesi9.js",
      "file": "\\tests\\test_sesi9.js",
      "beforeHooks": [],
      "afterHooks": [],
      "tests": [],
      "suites": [
        {
          "uuid": "536006a0-acc6-4c0b-861d-cb90a5904012",
          "title": "SauceDemo Automation Tests",
          "fullFile": "W:\\BELAJAR QA\\digitalskola\\DigitalSkola---QA-Engineer\\pertemuan 9\\tests\\test_sesi9.js",
          "file": "\\tests\\test_sesi9.js",
          "beforeHooks": [
            {
              "title": "\"before each\" hook in \"SauceDemo Automation Tests\"",
              "fullTitle": "SauceDemo Automation Tests \"before each\" hook in \"SauceDemo Automation Tests\"",
              "timedOut": false,
              "duration": 762,
              "state": null,
              "speed": null,
              "pass": false,
              "fail": false,
              "pending": false,
              "context": null,
              "code": "const options = new chrome.Options();\noptions.addArguments('--headless');\noptions.addArguments('--no-sandbox');\noptions.addArguments('--disable-dev-shm-usage');\noptions.addArguments('--disable-gpu');\noptions.addArguments('--window-size=1920,1080');\n\ndriver = await new Builder()\n    .forBrowser('chrome')\n    .setChromeOptions(options)\n    .build();\n\nawait driver.manage().setTimeouts({ implicit: TEST_CONFIG.timeouts.implicit });",
              "err": {},
              "uuid": "cfe1fd11-a547-4f1b-8b55-ddd3d32f3542",
              "parentUUID": "536006a0-acc6-4c0b-861d-cb90a5904012",
              "isHook": true,
              "skipped": false
            }
          ],
          "afterHooks": [
            {
              "title": "\"after each\" hook in \"SauceDemo Automation Tests\"",
              "fullTitle": "SauceDemo Automation Tests \"after each\" hook in \"SauceDemo Automation Tests\"",
              "timedOut": false,
              "duration": 41,
              "state": null,
              "speed": null,
              "pass": false,
              "fail": false,
              "pending": false,
              "context": null,
              "code": "if (driver) {\n    await driver.quit();\n}",
              "err": {},
              "uuid": "650a0a28-17c8-4121-b318-9ab0d01686d2",
              "parentUUID": "536006a0-acc6-4c0b-861d-cb90a5904012",
              "isHook": true,
              "skipped": false
            }
          ],
          "tests": [],
          "suites": [
            {
              "uuid": "1ae9754e-e3d1-472d-9738-20f634a398ec",
              "title": "Authentication Tests",
              "fullFile": "W:\\BELAJAR QA\\digitalskola\\DigitalSkola---QA-Engineer\\pertemuan 9\\tests\\test_sesi9.js",
              "file": "\\tests\\test_sesi9.js",
              "beforeHooks": [],
              "afterHooks": [],
              "tests": [
                {
                  "title": "TC-001: Should successfully login with valid credentials",
                  "fullTitle": "SauceDemo Automation Tests Authentication Tests TC-001: Should successfully login with valid credentials",
                  "timedOut": false,
                  "duration": 658,
                  "state": "passed",
                  "speed": "slow",
                  "pass": true,
                  "fail": false,
                  "pending": false,
                  "context": null,
                  "code": "await driver.get(TEST_CONFIG.baseUrl);\n\nconst pageTitle = await driver.getTitle();\nassert.strictEqual(pageTitle, 'Swag Labs', 'Page title should be \"Swag Labs\"');\nconst usernameField = await driver.findElement(By.css(SELECTORS.login.username));\nconst passwordField = await driver.findElement(By.css(SELECTORS.login.password));\nconst loginButton = await driver.findElement(By.css(SELECTORS.login.loginButton));\nawait usernameField.sendKeys(TEST_CONFIG.credentials.username);\nawait passwordField.sendKeys(TEST_CONFIG.credentials.password);\nawait loginButton.click();\nconst inventoryContainer = await driver.wait(\n    until.elementLocated(By.css(SELECTORS.inventory.container)),\n    TEST_CONFIG.timeouts.explicit,\n    'Inventory page should be displayed after successful login'\n);\nconst isInventoryDisplayed = await inventoryContainer.isDisplayed();\nassert.strictEqual(isInventoryDisplayed, true, 'Inventory container should be visible');\nconst appLogo = await driver.findElement(By.css(SELECTORS.inventory.appLogo));\nconst logoText = await appLogo.getText();\nassert.strictEqual(logoText, 'Swag Labs', 'App logo should display \"Swag Labs\"');\nconst cartIcon = await driver.findElement(By.css(SELECTORS.inventory.cartIcon));\nconst isCartDisplayed = await cartIcon.isDisplayed();\nassert.strictEqual(isCartDisplayed, true, 'Shopping cart icon should be visible');\nconsole.log('Login successful with user:', TEST_CONFIG.credentials.username);",
                  "err": {},
                  "uuid": "8c79de80-cf72-43e3-93d1-bf6f2c8d725b",
                  "parentUUID": "1ae9754e-e3d1-472d-9738-20f634a398ec",
                  "isHook": false,
                  "skipped": false
                },
                {
                  "title": "TC-002: Should fail to login with invalid username",
                  "fullTitle": "SauceDemo Automation Tests Authentication Tests TC-002: Should fail to login with invalid username",
                  "timedOut": false,
                  "duration": 553,
                  "state": "passed",
                  "speed": "slow",
                  "pass": true,
                  "fail": false,
                  "pending": false,
                  "context": null,
                  "code": "await driver.get(TEST_CONFIG.baseUrl);\nconst usernameField = await driver.findElement(By.css(SELECTORS.login.username));\nconst passwordField = await driver.findElement(By.css(SELECTORS.login.password));\nconst loginButton = await driver.findElement(By.css(SELECTORS.login.loginButton));\nawait usernameField.sendKeys('invalid_user');\nawait passwordField.sendKeys(TEST_CONFIG.credentials.password);\nawait loginButton.click();\nconst errorMessage = await driver.wait(\n    until.elementLocated(By.css('[data-test=\"error\"]')),\n    TEST_CONFIG.timeouts.explicit,\n    'Error message should be displayed'\n);\nconst isErrorDisplayed = await errorMessage.isDisplayed();\nassert.strictEqual(isErrorDisplayed, true, 'Error message should be visible');\nconst errorText = await errorMessage.getText();\nassert.ok(\n    errorText.includes('Username and password do not match'),\n    'Error message should indicate invalid credentials'\n);\nconst loginFormExists = await driver.findElements(By.css(SELECTORS.login.username));\nassert.strictEqual(\n    loginFormExists.length > 0,\n    true,\n    'User should remain on login page'\n);\nconsole.log('Login failed as expected with invalid username');\nconsole.log('Error message:', errorText);",
                  "err": {},
                  "uuid": "be178651-e5c4-4bf5-badd-a7cacef7e309",
                  "parentUUID": "1ae9754e-e3d1-472d-9738-20f634a398ec",
                  "isHook": false,
                  "skipped": false
                },
                {
                  "title": "TC-003: Should fail to login with invalid password",
                  "fullTitle": "SauceDemo Automation Tests Authentication Tests TC-003: Should fail to login with invalid password",
                  "timedOut": false,
                  "duration": 609,
                  "state": "passed",
                  "speed": "slow",
                  "pass": true,
                  "fail": false,
                  "pending": false,
                  "context": null,
                  "code": "await driver.get(TEST_CONFIG.baseUrl);\nconst usernameField = await driver.findElement(By.css(SELECTORS.login.username));\nconst passwordField = await driver.findElement(By.css(SELECTORS.login.password));\nconst loginButton = await driver.findElement(By.css(SELECTORS.login.loginButton));\nawait usernameField.sendKeys(TEST_CONFIG.credentials.username);\nawait passwordField.sendKeys('wrong_password');\nawait loginButton.click();\nconst errorMessage = await driver.wait(\n    until.elementLocated(By.css('[data-test=\"error\"]')),\n    TEST_CONFIG.timeouts.explicit,\n    'Error message should be displayed'\n);\nconst isErrorDisplayed = await errorMessage.isDisplayed();\nassert.strictEqual(isErrorDisplayed, true, 'Error message should be visible');\nconst errorText = await errorMessage.getText();\nassert.ok(\n    errorText.includes('Username and password do not match'),\n    'Error message should indicate invalid credentials'\n);\nconsole.log('Login failed as expected with invalid password');\nconsole.log('Error message:', errorText);",
                  "err": {},
                  "uuid": "503b6c61-f014-4dff-a149-067300875858",
                  "parentUUID": "1ae9754e-e3d1-472d-9738-20f634a398ec",
                  "isHook": false,
                  "skipped": false
                },
                {
                  "title": "TC-004: Should fail to login with empty credentials",
                  "fullTitle": "SauceDemo Automation Tests Authentication Tests TC-004: Should fail to login with empty credentials",
                  "timedOut": false,
                  "duration": 466,
                  "state": "passed",
                  "speed": "slow",
                  "pass": true,
                  "fail": false,
                  "pending": false,
                  "context": null,
                  "code": "await driver.get(TEST_CONFIG.baseUrl);\nconst loginButton = await driver.findElement(By.css(SELECTORS.login.loginButton));\nawait loginButton.click();\nconst errorMessage = await driver.wait(\n    until.elementLocated(By.css('[data-test=\"error\"]')),\n    TEST_CONFIG.timeouts.explicit,\n    'Error message should be displayed'\n);\nconst isErrorDisplayed = await errorMessage.isDisplayed();\nassert.strictEqual(isErrorDisplayed, true, 'Error message should be visible');\nconst errorText = await errorMessage.getText();\nassert.ok(\n    errorText.includes('Username is required'),\n    'Error message should indicate username is required'\n);\nconsole.log('Login failed as expected with empty credentials');\nconsole.log('  Error message:', errorText);",
                  "err": {},
                  "uuid": "a730e773-7cd1-4709-9ec2-8df454c46cb7",
                  "parentUUID": "1ae9754e-e3d1-472d-9738-20f634a398ec",
                  "isHook": false,
                  "skipped": false
                },
                {
                  "title": "TC-005: Should fail to login with empty password",
                  "fullTitle": "SauceDemo Automation Tests Authentication Tests TC-005: Should fail to login with empty password",
                  "timedOut": false,
                  "duration": 775,
                  "state": "passed",
                  "speed": "slow",
                  "pass": true,
                  "fail": false,
                  "pending": false,
                  "context": null,
                  "code": "await driver.get(TEST_CONFIG.baseUrl);\nconst usernameField = await driver.findElement(By.css(SELECTORS.login.username));\nconst loginButton = await driver.findElement(By.css(SELECTORS.login.loginButton));\nawait usernameField.sendKeys(TEST_CONFIG.credentials.username);\nawait loginButton.click();\nconst errorMessage = await driver.wait(\n    until.elementLocated(By.css('[data-test=\"error\"]')),\n    TEST_CONFIG.timeouts.explicit,\n    'Error message should be displayed'\n);\nconst isErrorDisplayed = await errorMessage.isDisplayed();\nassert.strictEqual(isErrorDisplayed, true, 'Error message should be visible');\nconst errorText = await errorMessage.getText();\nassert.ok(\n    errorText.includes('Password is required'),\n    'Error message should indicate password is required'\n);\nconsole.log('Login failed as expected with empty password');\nconsole.log('  Error message:', errorText);",
                  "err": {},
                  "uuid": "90a4487d-5e1b-440e-8eb9-ef0c7d96fbad",
                  "parentUUID": "1ae9754e-e3d1-472d-9738-20f634a398ec",
                  "isHook": false,
                  "skipped": false
                },
                {
                  "title": "TC-006: Should fail to login with locked out user",
                  "fullTitle": "SauceDemo Automation Tests Authentication Tests TC-006: Should fail to login with locked out user",
                  "timedOut": false,
                  "duration": 602,
                  "state": "passed",
                  "speed": "slow",
                  "pass": true,
                  "fail": false,
                  "pending": false,
                  "context": null,
                  "code": "await driver.get(TEST_CONFIG.baseUrl);\nconst usernameField = await driver.findElement(By.css(SELECTORS.login.username));\nconst passwordField = await driver.findElement(By.css(SELECTORS.login.password));\nconst loginButton = await driver.findElement(By.css(SELECTORS.login.loginButton));\nawait usernameField.sendKeys('locked_out_user');\nawait passwordField.sendKeys(TEST_CONFIG.credentials.password);\nawait loginButton.click();\nconst errorMessage = await driver.wait(\n    until.elementLocated(By.css('[data-test=\"error\"]')),\n    TEST_CONFIG.timeouts.explicit,\n    'Error message should be displayed'\n);\nconst isErrorDisplayed = await errorMessage.isDisplayed();\nassert.strictEqual(isErrorDisplayed, true, 'Error message should be visible');\nconst errorText = await errorMessage.getText();\nassert.ok(\n    errorText.includes('this user has been locked out'),\n    'Error message should indicate user is locked out'\n);\nconsole.log('Login failed as expected with locked out user');\nconsole.log('Error message:', errorText);",
                  "err": {},
                  "uuid": "90d72b5b-f917-4c7a-b201-bddc957f9d3c",
                  "parentUUID": "1ae9754e-e3d1-472d-9738-20f634a398ec",
                  "isHook": false,
                  "skipped": false
                }
              ],
              "suites": [],
              "passes": [
                "8c79de80-cf72-43e3-93d1-bf6f2c8d725b",
                "be178651-e5c4-4bf5-badd-a7cacef7e309",
                "503b6c61-f014-4dff-a149-067300875858",
                "a730e773-7cd1-4709-9ec2-8df454c46cb7",
                "90a4487d-5e1b-440e-8eb9-ef0c7d96fbad",
                "90d72b5b-f917-4c7a-b201-bddc957f9d3c"
              ],
              "failures": [],
              "pending": [],
              "skipped": [],
              "duration": 3663,
              "root": false,
              "rootEmpty": false,
              "_timeout": 30000
            },
            {
              "uuid": "d85ed9c6-65f2-4ce6-8495-50076a0dad0d",
              "title": "Product Sorting Tests",
              "fullFile": "W:\\BELAJAR QA\\digitalskola\\DigitalSkola---QA-Engineer\\pertemuan 9\\tests\\test_sesi9.js",
              "file": "\\tests\\test_sesi9.js",
              "beforeHooks": [],
              "afterHooks": [],
              "tests": [
                {
                  "title": "TC-007: Should sort products from A to Z",
                  "fullTitle": "SauceDemo Automation Tests Product Sorting Tests TC-007: Should sort products from A to Z",
                  "timedOut": false,
                  "duration": 2021,
                  "state": "passed",
                  "speed": "slow",
                  "pass": true,
                  "fail": false,
                  "pending": false,
                  "context": null,
                  "code": "await performLogin();\nconst productsBefore = await getProductNames();\nconsole.log('Products before sorting:', productsBefore);\nawait selectSortOption(SELECTORS.sortOptions.nameAZ);\nconst productsAfter = await getProductNames();\nconsole.log('Products after sorting (A-Z):', productsAfter);\nconst expectedSortedProducts = [...productsAfter].sort();\nassert.deepStrictEqual(\n    productsAfter,\n    expectedSortedProducts,\n    'Products should be sorted alphabetically from A to Z'\n);\nassert.strictEqual(\n    productsAfter[0],\n    'Sauce Labs Backpack',\n    'First product should be \"Sauce Labs Backpack\"'\n);\nconsole.log('Products successfully sorted from A to Z');",
                  "err": {},
                  "uuid": "d6ef0ceb-7cd1-4820-bceb-a9198538900c",
                  "parentUUID": "d85ed9c6-65f2-4ce6-8495-50076a0dad0d",
                  "isHook": false,
                  "skipped": false
                },
                {
                  "title": "TC-008: Should sort products from Z to A",
                  "fullTitle": "SauceDemo Automation Tests Product Sorting Tests TC-008: Should sort products from Z to A",
                  "timedOut": false,
                  "duration": 1781,
                  "state": "passed",
                  "speed": "slow",
                  "pass": true,
                  "fail": false,
                  "pending": false,
                  "context": null,
                  "code": "await performLogin();\nawait selectSortOption(SELECTORS.sortOptions.nameZA);\nconst products = await getProductNames();\nconsole.log('Products after sorting (Z-A):', products);\nconst expectedSortedProducts = [...products].sort().reverse();\nassert.deepStrictEqual(\n    products,\n    expectedSortedProducts,\n    'Products should be sorted alphabetically from Z to A'\n);\nconsole.log('Products successfully sorted from Z to A');",
                  "err": {},
                  "uuid": "cb37c6ec-78d8-4358-86fd-a8858c0a59c6",
                  "parentUUID": "d85ed9c6-65f2-4ce6-8495-50076a0dad0d",
                  "isHook": false,
                  "skipped": false
                },
                {
                  "title": "TC-009: Should sort products by price (low to high)",
                  "fullTitle": "SauceDemo Automation Tests Product Sorting Tests TC-009: Should sort products by price (low to high)",
                  "timedOut": false,
                  "duration": 1794,
                  "state": "passed",
                  "speed": "slow",
                  "pass": true,
                  "fail": false,
                  "pending": false,
                  "context": null,
                  "code": "await performLogin();\nawait selectSortOption(SELECTORS.sortOptions.priceLowHigh);\nconst prices = await getProductPrices();\nconsole.log('Prices after sorting (low to high):', prices);\nconst expectedSortedPrices = [...prices].sort((a, b) => a - b);\nassert.deepStrictEqual(\n    prices,\n    expectedSortedPrices,\n    'Products should be sorted by price from low to high'\n);\nconsole.log('Products successfully sorted by price (low to high)');",
                  "err": {},
                  "uuid": "7328bc14-bf41-4fe1-b49e-91f9d5359f5e",
                  "parentUUID": "d85ed9c6-65f2-4ce6-8495-50076a0dad0d",
                  "isHook": false,
                  "skipped": false
                },
                {
                  "title": "TC-010: Should sort products by price (high to low)",
                  "fullTitle": "SauceDemo Automation Tests Product Sorting Tests TC-010: Should sort products by price (high to low)",
                  "timedOut": false,
                  "duration": 1784,
                  "state": "passed",
                  "speed": "slow",
                  "pass": true,
                  "fail": false,
                  "pending": false,
                  "context": null,
                  "code": "await performLogin();\nawait selectSortOption(SELECTORS.sortOptions.priceHighLow);\nconst prices = await getProductPrices();\nconsole.log('Prices after sorting (high to low):', prices);\nconst expectedSortedPrices = [...prices].sort((a, b) => b - a);\nassert.deepStrictEqual(\n    prices,\n    expectedSortedPrices,\n    'Products should be sorted by price from high to low'\n);\nconsole.log('Products successfully sorted by price (high to low)');",
                  "err": {},
                  "uuid": "b6a89775-f9fd-4f88-98dc-d2963dfed5b8",
                  "parentUUID": "d85ed9c6-65f2-4ce6-8495-50076a0dad0d",
                  "isHook": false,
                  "skipped": false
                }
              ],
              "suites": [],
              "passes": [
                "d6ef0ceb-7cd1-4820-bceb-a9198538900c",
                "cb37c6ec-78d8-4358-86fd-a8858c0a59c6",
                "7328bc14-bf41-4fe1-b49e-91f9d5359f5e",
                "b6a89775-f9fd-4f88-98dc-d2963dfed5b8"
              ],
              "failures": [],
              "pending": [],
              "skipped": [],
              "duration": 7380,
              "root": false,
              "rootEmpty": false,
              "_timeout": 30000
            }
          ],
          "passes": [],
          "failures": [],
          "pending": [],
          "skipped": [],
          "duration": 0,
          "root": false,
          "rootEmpty": false,
          "_timeout": 30000
        }
      ],
      "passes": [],
      "failures": [],
      "pending": [],
      "skipped": [],
      "duration": 0,
      "root": true,
      "rootEmpty": true,
      "_timeout": 60000
    }
  ],
  "meta": {
    "mocha": {
      "version": "10.8.2"
    },
    "mochawesome": {
      "options": {
        "quiet": false,
        "reportFilename": "mochawesome",
        "saveHtml": true,
        "saveJson": true,
        "consoleReporter": "spec",
        "useInlineDiffs": false,
        "code": true
      },
      "version": "7.1.4"
    },
    "marge": {
      "options": null,
      "version": "6.3.0"
    }
  }
}