{
  "stats": {
    "suites": 3,
    "tests": 9,
    "passes": 9,
    "pending": 0,
    "failures": 0,
    "start": "2025-10-20T11:51:30.105Z",
    "end": "2025-10-20T11:51:31.897Z",
    "duration": 1792,
    "testsRegistered": 9,
    "passPercent": 100,
    "pendingPercent": 0,
    "other": 0,
    "hasOther": false,
    "skipped": 0,
    "hasSkipped": false
  },
  "results": [
    {
      "uuid": "be9a5ac9-448c-4cc0-ad4f-683bbdcd6459",
      "title": "",
      "fullFile": "W:\\BELAJAR QA\\Nodejs\\triangle-demo\\digitalskola\\Automation-API\\test.js",
      "file": "\\Automation-API\\test.js",
      "beforeHooks": [],
      "afterHooks": [],
      "tests": [],
      "suites": [
        {
          "uuid": "3ead7f87-52c7-4c82-951e-07d72b4314ed",
          "title": "ReqRes API Automation – Hafiz Hamdani",
          "fullFile": "W:\\BELAJAR QA\\Nodejs\\triangle-demo\\digitalskola\\Automation-API\\test.js",
          "file": "\\Automation-API\\test.js",
          "beforeHooks": [],
          "afterHooks": [],
          "tests": [],
          "suites": [
            {
              "uuid": "02fd17fc-08e9-49cc-b8ce-b9652a160ef1",
              "title": "CRUD",
              "fullFile": "W:\\BELAJAR QA\\Nodejs\\triangle-demo\\digitalskola\\Automation-API\\test.js",
              "file": "\\Automation-API\\test.js",
              "beforeHooks": [],
              "afterHooks": [],
              "tests": [
                {
                  "title": "GET All Users",
                  "fullTitle": "ReqRes API Automation – Hafiz Hamdani CRUD GET All Users",
                  "timedOut": false,
                  "duration": 148,
                  "state": "passed",
                  "speed": "slow",
                  "pass": true,
                  "fail": false,
                  "pending": false,
                  "context": null,
                  "code": "const res = await axios.get(`${baseUrl}/users?page=2`, { headers });\nexpect(res.status).to.be.oneOf([200, 201, 204]);\nexpect(res.headers['content-type']).to.include('application/json');\nconst body = res.data;\nexpect(body.data).to.be.an('array').that.is.not.empty;\nconst userSchema = {\n  type: 'object',\n  required: ['id', 'email', 'first_name', 'last_name', 'avatar'],\n  properties: {\n    id: { type: 'number' },\n    email: { type: 'string', pattern: '^\\\\S+@\\\\S+\\\\.\\\\S+$' },\n    first_name: { type: 'string' },\n    last_name: { type: 'string' },\n    avatar: { type: 'string' }\n  }\n};\nbody.data.forEach(u => expect(u).to.be.jsonSchema(userSchema));",
                  "err": {},
                  "uuid": "af366937-0325-48fb-8d30-0f00cd09dee9",
                  "parentUUID": "02fd17fc-08e9-49cc-b8ce-b9652a160ef1",
                  "isHook": false,
                  "skipped": false
                },
                {
                  "title": "GET Single User",
                  "fullTitle": "ReqRes API Automation – Hafiz Hamdani CRUD GET Single User",
                  "timedOut": false,
                  "duration": 32,
                  "state": "passed",
                  "speed": "fast",
                  "pass": true,
                  "fail": false,
                  "pending": false,
                  "context": null,
                  "code": "const res = await axios.get(`${baseUrl}/users/2`, { headers });\nexpect(res.status).to.equal(200);\nconst data = res.data.data;\nexpect(data.email).to.match(/^\\S+@\\S+\\.\\S+$/);\nexpect(data).to.include.all.keys('id', 'email', 'first_name', 'last_name', 'avatar');",
                  "err": {},
                  "uuid": "a6a24521-c8e5-4a36-9aca-b18d2e7d3e5b",
                  "parentUUID": "02fd17fc-08e9-49cc-b8ce-b9652a160ef1",
                  "isHook": false,
                  "skipped": false
                },
                {
                  "title": "POST Create User",
                  "fullTitle": "ReqRes API Automation – Hafiz Hamdani CRUD POST Create User",
                  "timedOut": false,
                  "duration": 231,
                  "state": "passed",
                  "speed": "slow",
                  "pass": true,
                  "fail": false,
                  "pending": false,
                  "context": null,
                  "code": "const payload = { name: 'Hafiz', job: 'QA Engineer' };\nconst res = await axios.post(`${baseUrl}/users`, payload, { headers });\nexpect(res.status).to.be.oneOf([200, 201]);\nexpect(res.data).to.include.all.keys('name', 'job', 'id', 'createdAt');",
                  "err": {},
                  "uuid": "7db70a12-b996-4174-99b3-5d9a318e339d",
                  "parentUUID": "02fd17fc-08e9-49cc-b8ce-b9652a160ef1",
                  "isHook": false,
                  "skipped": false
                },
                {
                  "title": "PUT Update User",
                  "fullTitle": "ReqRes API Automation – Hafiz Hamdani CRUD PUT Update User",
                  "timedOut": false,
                  "duration": 372,
                  "state": "passed",
                  "speed": "slow",
                  "pass": true,
                  "fail": false,
                  "pending": false,
                  "context": null,
                  "code": "const payload = { name: 'Hafiz', job: 'SQA' };\nconst res = await axios.put(`${baseUrl}/users/2`, payload, { headers });\nexpect(res.status).to.equal(200);\nexpect(res.data).to.have.property('updatedAt');",
                  "err": {},
                  "uuid": "7673250a-9320-408a-b2b8-15c3fbe93d4f",
                  "parentUUID": "02fd17fc-08e9-49cc-b8ce-b9652a160ef1",
                  "isHook": false,
                  "skipped": false
                },
                {
                  "title": "DELETE User",
                  "fullTitle": "ReqRes API Automation – Hafiz Hamdani CRUD DELETE User",
                  "timedOut": false,
                  "duration": 197,
                  "state": "passed",
                  "speed": "slow",
                  "pass": true,
                  "fail": false,
                  "pending": false,
                  "context": null,
                  "code": "const res = await axios.delete(`${baseUrl}/users/2`, { headers, validateStatus: () => true });\nexpect(res.status).to.equal(204);\nexpect(res.data).to.be.empty;",
                  "err": {},
                  "uuid": "26af5989-76d3-4f03-95b7-cbbe69b29238",
                  "parentUUID": "02fd17fc-08e9-49cc-b8ce-b9652a160ef1",
                  "isHook": false,
                  "skipped": false
                }
              ],
              "suites": [],
              "passes": [
                "af366937-0325-48fb-8d30-0f00cd09dee9",
                "a6a24521-c8e5-4a36-9aca-b18d2e7d3e5b",
                "7db70a12-b996-4174-99b3-5d9a318e339d",
                "7673250a-9320-408a-b2b8-15c3fbe93d4f",
                "26af5989-76d3-4f03-95b7-cbbe69b29238"
              ],
              "failures": [],
              "pending": [],
              "skipped": [],
              "duration": 980,
              "root": false,
              "rootEmpty": false,
              "_timeout": 10000
            },
            {
              "uuid": "39857d9b-61b7-4c22-b370-fd2d57a0cbb2",
              "title": "AUTH",
              "fullFile": "W:\\BELAJAR QA\\Nodejs\\triangle-demo\\digitalskola\\Automation-API\\test.js",
              "file": "\\Automation-API\\test.js",
              "beforeHooks": [],
              "afterHooks": [],
              "tests": [
                {
                  "title": "POST Register",
                  "fullTitle": "ReqRes API Automation – Hafiz Hamdani AUTH POST Register",
                  "timedOut": false,
                  "duration": 203,
                  "state": "passed",
                  "speed": "slow",
                  "pass": true,
                  "fail": false,
                  "pending": false,
                  "context": null,
                  "code": "const res = await axios.post(`${baseUrl}/register`, {\n  email: 'eve.holt@reqres.in',\n  password: 'pistol'\n}, { headers });\nexpect(res.status).to.be.oneOf([200, 201]);\nexpect(res.data).to.have.property('token');",
                  "err": {},
                  "uuid": "9473ba43-d2df-44a0-a219-909e492c62df",
                  "parentUUID": "39857d9b-61b7-4c22-b370-fd2d57a0cbb2",
                  "isHook": false,
                  "skipped": false
                },
                {
                  "title": "POST Login",
                  "fullTitle": "ReqRes API Automation – Hafiz Hamdani AUTH POST Login",
                  "timedOut": false,
                  "duration": 195,
                  "state": "passed",
                  "speed": "slow",
                  "pass": true,
                  "fail": false,
                  "pending": false,
                  "context": null,
                  "code": "const res = await axios.post(`${baseUrl}/login`, {\n  email: 'eve.holt@reqres.in',\n  password: 'cityslicka'\n}, { headers });\nexpect(res.status).to.be.oneOf([200, 201]);\nexpect(res.data.token).to.be.a('string').that.is.not.empty;",
                  "err": {},
                  "uuid": "cb7e2ae2-8809-4f97-8a16-e120018b01da",
                  "parentUUID": "39857d9b-61b7-4c22-b370-fd2d57a0cbb2",
                  "isHook": false,
                  "skipped": false
                },
                {
                  "title": "Register Negative (Missing Password)",
                  "fullTitle": "ReqRes API Automation – Hafiz Hamdani AUTH Register Negative (Missing Password)",
                  "timedOut": false,
                  "duration": 207,
                  "state": "passed",
                  "speed": "slow",
                  "pass": true,
                  "fail": false,
                  "pending": false,
                  "context": null,
                  "code": "const res = await axios.post(`${baseUrl}/register`, { email: 'sydney@fife' }, {\n  headers,\n  validateStatus: () => true\n});\nexpect(res.status).to.equal(400);\nexpect(res.data.error).to.be.a('string').that.is.not.empty;",
                  "err": {},
                  "uuid": "2db819ef-b976-4626-9217-35f280538f7f",
                  "parentUUID": "39857d9b-61b7-4c22-b370-fd2d57a0cbb2",
                  "isHook": false,
                  "skipped": false
                },
                {
                  "title": "Login Negative (Missing Password)",
                  "fullTitle": "ReqRes API Automation – Hafiz Hamdani AUTH Login Negative (Missing Password)",
                  "timedOut": false,
                  "duration": 198,
                  "state": "passed",
                  "speed": "slow",
                  "pass": true,
                  "fail": false,
                  "pending": false,
                  "context": null,
                  "code": "const res = await axios.post(`${baseUrl}/login`, { email: 'peter@klaven' }, {\n  headers,\n  validateStatus: () => true\n});\nexpect(res.status).to.equal(400);\nexpect(res.data.error).to.be.a('string').that.is.not.empty;",
                  "err": {},
                  "uuid": "27c2f440-142a-4b8b-8e46-e9f8dcf66f63",
                  "parentUUID": "39857d9b-61b7-4c22-b370-fd2d57a0cbb2",
                  "isHook": false,
                  "skipped": false
                }
              ],
              "suites": [],
              "passes": [
                "9473ba43-d2df-44a0-a219-909e492c62df",
                "cb7e2ae2-8809-4f97-8a16-e120018b01da",
                "2db819ef-b976-4626-9217-35f280538f7f",
                "27c2f440-142a-4b8b-8e46-e9f8dcf66f63"
              ],
              "failures": [],
              "pending": [],
              "skipped": [],
              "duration": 803,
              "root": false,
              "rootEmpty": false,
              "_timeout": 10000
            }
          ],
          "passes": [],
          "failures": [],
          "pending": [],
          "skipped": [],
          "duration": 0,
          "root": false,
          "rootEmpty": false,
          "_timeout": 10000
        }
      ],
      "passes": [],
      "failures": [],
      "pending": [],
      "skipped": [],
      "duration": 0,
      "root": true,
      "rootEmpty": true,
      "_timeout": 2000
    }
  ],
  "meta": {
    "mocha": {
      "version": "11.7.4"
    },
    "mochawesome": {
      "options": {
        "quiet": false,
        "reportFilename": "mochawesome",
        "saveHtml": true,
        "saveJson": true,
        "consoleReporter": "spec",
        "useInlineDiffs": false,
        "code": true
      },
      "version": "7.1.4"
    },
    "marge": {
      "options": null,
      "version": "6.3.0"
    }
  }
}